"../../../../../../Users/Embry-Riddle/Desktop/SIM_350_M01.DV01_Diorama-main/ProdBuild/WindowsNoEditor/SIM_350_M2.DV1_Ethan/Content/ForDelay.uasset" 0
"../../../../../../Users/Embry-Riddle/Desktop/SIM_350_M01.DV01_Diorama-main/ProdBuild/WindowsNoEditor/SIM_350_M2.DV1_Ethan/Content/BP_AICon_Ethan.uasset" 1
"../../../Engine/Content/BasicShapes/BasicShapeMaterial.uasset" 2
"../../../Engine/Content/Functions/Engine_MaterialFunctions01/Opacity/CameraDepthFade.uasset" 3
"../../../Engine/Content/EngineMaterials/T_Default_Material_Grid_M.uasset" 4
"../../../Engine/Content/EngineMaterials/T_Default_Material_Grid_N.uasset" 5
"../../../Engine/Content/EngineMaterials/WorldGridMaterial.uasset" 6
"../../../Engine/Content/BasicShapes/Cube.uasset" 7
"../../../../../../Users/Embry-Riddle/Desktop/SIM_350_M01.DV01_Diorama-main/ProdBuild/WindowsNoEditor/SIM_350_M2.DV1_Ethan/Content/StarterContent/Props/MaterialSphere.uasset" 8
"../../../../../../Users/Embry-Riddle/Desktop/SIM_350_M01.DV01_Diorama-main/ProdBuild/WindowsNoEditor/SIM_350_M2.DV1_Ethan/Content/BP_Ethan_Physics.uasset" 9
"../../../../../../Users/Embry-Riddle/Desktop/SIM_350_M01.DV01_Diorama-main/ProdBuild/WindowsNoEditor/SIM_350_M2.DV1_Ethan/Content/BP_Ethan.uasset" 10
"../../../Engine/Content/EditorBlueprintResources/StandardMacros.uasset" 11
"../../../Engine/Content/MapTemplates/Materials/BasicAsset03.uasset" 12
"../../../../../../Users/Embry-Riddle/Desktop/SIM_350_M01.DV01_Diorama-main/ProdBuild/WindowsNoEditor/SIM_350_M2.DV1_Ethan/Content/BP_Ethan_Controlled.uasset" 13
"../../../Engine/Content/Functions/Engine_MaterialFunctions02/Utility/BlendAngleCorrectedNormals.uasset" 14
"../../../../../../Users/Embry-Riddle/Desktop/SIM_350_M01.DV01_Diorama-main/ProdBuild/WindowsNoEditor/SIM_350_M2.DV1_Ethan/Content/StarterContent/Textures/T_Tech_Hex_Tile_M.uasset" 15
"../../../../../../Users/Embry-Riddle/Desktop/SIM_350_M01.DV01_Diorama-main/ProdBuild/WindowsNoEditor/SIM_350_M2.DV1_Ethan/Content/StarterContent/Textures/T_Tech_Hex_Tile_N.uasset" 16
"../../../../../../Users/Embry-Riddle/Desktop/SIM_350_M01.DV01_Diorama-main/ProdBuild/WindowsNoEditor/SIM_350_M2.DV1_Ethan/Content/StarterContent/Materials/M_Tech_Hex_Tile.uasset" 17
"../../Plugins/FX/Niagara/Content/DefaultAssets/DefaultSpriteMaterial.uasset" 18
"../../Plugins/FX/Niagara/Content/DefaultAssets/M_Gnomon_Alpha.uasset" 19
"../../Plugins/FX/Niagara/Content/DynamicInputs/Angles/NormalizedAngleToDegrees.uasset" 20
"../../Plugins/FX/Niagara/Content/DynamicInputs/Helpers/SimulationPosition.uasset" 21
"../../Plugins/FX/Niagara/Content/DynamicInputs/TypeConversions/Vector2DFromFloat.uasset" 22
"../../Plugins/FX/Niagara/Content/DynamicInputs/TypeConversions/VectorFromFloat.uasset" 23
"../../Plugins/FX/Niagara/Content/Enums/ENiagaraRandomnessMode.uasset" 24
"../../Plugins/FX/Niagara/Content/Functions/GetRandomInfo.uasset" 25
"../../Plugins/FX/Niagara/Content/Functions/RandomRangeFloat.uasset" 26
"../../Plugins/FX/Niagara/Content/DynamicInputs/UniformRange/UniformRangedFloat.uasset" 27
"../../Plugins/FX/Niagara/Content/DynamicInputs/ValueFromCurve/FloatFromCurve.uasset" 28
"../../Plugins/FX/Niagara/Content/Functions/Localspace/SimulationPosition.uasset" 29
"../../Plugins/FX/Niagara/Content/Enums/ENiagaraCalculateRadiusOptions.uasset" 30
"../../Plugins/FX/Niagara/Content/Functions/CalculateMeshRadius.uasset" 31
"../../Plugins/FX/Niagara/Content/Functions/CalculateRadiusFromSpriteSize.uasset" 32
"../../Plugins/FX/Niagara/Content/Functions/DirectionAndLengthSafe.uasset" 33
"../../Plugins/FX/Niagara/Content/Functions/Helpers/DoOnce_fn.uasset" 34
"../../Plugins/FX/Niagara/Content/Enums/ENiagaraCoordinateSpace.uasset" 35
"../../Plugins/FX/Niagara/Content/Functions/Localspace/TransformBase.uasset" 36
"../../Plugins/FX/Niagara/Content/Functions/Localspace/TransformPosition.uasset" 37
"../../Plugins/FX/Niagara/Content/Functions/Localspace/TransformVector.uasset" 38
"../../Plugins/FX/Niagara/Content/Functions/ProjectVectorOnPlane.uasset" 39
"../../Plugins/FX/Niagara/Content/Functions/Rotation/AxisAngleToQuaternion.uasset" 40
"../../Plugins/FX/Niagara/Content/Functions/Rotation/MultiplyQuaternion.uasset" 41
"../../Plugins/FX/Niagara/Content/Functions/Collision/PlaneSphereCollisionDetection.uasset" 42
"../../Plugins/FX/Niagara/Content/Functions/Rotation/FindQuatBetween.uasset" 43
"../../Plugins/FX/Niagara/Content/Functions/Rotation/MultiplyVectorWithQuaternion.uasset" 44
"../../Plugins/FX/Niagara/Content/Functions/Collision/RandomizeCollisionNormals.uasset" 45
"../../Plugins/FX/Niagara/Content/Functions/Math/CentimeterMeterConversion.uasset" 46
"../../Plugins/FX/Niagara/Content/Functions/ReflectVector.uasset" 47
"../../Plugins/FX/Niagara/Content/Modules/Collision/NiagaraDistanceFieldCollisions.uasset" 48
"../../Plugins/FX/Niagara/Content/Modules/Collision/SceneDepthTest.uasset" 49
"../../Plugins/FX/Niagara/Content/Enums/ENiagara_CPUCollisionType.uasset" 50
"../../Plugins/FX/Niagara/Content/Enums/ENiagara_GPUCollisionType.uasset" 51
"../../Plugins/FX/Niagara/Content/Enums/ENiagaraFrictionMergeType.uasset" 52
"../../Plugins/FX/Niagara/Content/Enums/ENiagaraRestitutionMergeType.uasset" 53
"../../Plugins/FX/Niagara/Content/Modules/Collision/CollisionQueryAndResponse.uasset" 54
"../../Plugins/FX/Niagara/Content/Enums/ENiagaraCollisionRadiusOptions.uasset" 55
"../../Plugins/FX/Niagara/Content/Modules/Collision/Collision.uasset" 56
"../../Plugins/FX/Niagara/Content/Functions/Emitter/EmitterChangeState.uasset" 57
"../../Plugins/FX/Niagara/Content/Enums/ENiagara_EmitterStateOptions.uasset" 58
"../../Plugins/FX/Niagara/Content/Enums/ENiagara_InfiniteLoopDuration.uasset" 59
"../../Plugins/FX/Niagara/Content/Enums/ENiagaraEmitterLifeCycleMode.uasset" 60
"../../Plugins/FX/Niagara/Content/Enums/ENiagaraEmitterScalabilityMode_Limited.uasset" 61
"../../Plugins/FX/Niagara/Content/Enums/ENiagaraExecutionStateManagement.uasset" 62
"../../Plugins/FX/Niagara/Content/Enums/ENiagaraInactiveMode.uasset" 63
"../../Plugins/FX/Niagara/Content/Modules/Emitter/EmitterState.uasset" 64
"../../Plugins/FX/Niagara/Content/Modules/Emitter/SpawnBurst_Instantaneous.uasset" 65
"../../Plugins/FX/Niagara/Content/Modules/Solvers/SolveForcesAndVelocity.uasset" 66
"../../Plugins/FX/Niagara/Content/Modules/Spawn/Initialization/InitializeParticle.uasset" 67
"../../Plugins/FX/Niagara/Content/Functions/RandomPointInSphere.uasset" 68
"../../Plugins/FX/Niagara/Content/Enums/ENiagaraExpansionMode.uasset" 69
"../../Plugins/FX/Niagara/Content/Enums/ENiagaraTorusDistributionMode.uasset" 70
"../../Plugins/FX/Niagara/Content/Modules/Spawn/Location/SphereLocation.uasset" 71
"../../Plugins/FX/Niagara/Content/Functions/NormalizeDistanceRange.uasset" 72
"../../Plugins/FX/Niagara/Content/Functions/DistanceBasedFalloff.uasset" 73
"../../Plugins/FX/Niagara/Content/Functions/RandomUnitVector.uasset" 74
"../../Plugins/FX/Niagara/Content/Functions/RandomVector.uasset" 75
"../../Plugins/FX/Niagara/Content/Modules/Spawn/Velocity/AddVelocityFromPoint.uasset" 76
"../../Plugins/FX/Niagara/Content/Functions/Math/RemapValueRange.uasset" 77
"../../Plugins/FX/Niagara/Content/Functions/PolarToCartesianCoordinates.uasset" 78
"../../Plugins/FX/Niagara/Content/Functions/RandomVectorInCone.uasset" 79
"../../Plugins/FX/Niagara/Content/Modules/Spawn/Velocity/AddVelocityInCone.uasset" 80
"../../Plugins/FX/Niagara/Content/Functions/System/SystemChangeState.uasset" 81
"../../Plugins/FX/Niagara/Content/Enums/ENiagaraSystemInactiveMode.uasset" 82
"../../Plugins/FX/Niagara/Content/Modules/System/SystemState.uasset" 83
"../../Plugins/FX/Niagara/Content/Enums/ENiagaraScaleColorMode.uasset" 84
"../../Plugins/FX/Niagara/Content/Modules/Update/Color/ScaleColor.uasset" 85
"../../Plugins/FX/Niagara/Content/Modules/Update/Forces/Drag.uasset" 86
"../../Plugins/FX/Niagara/Content/Modules/Update/Forces/GravityForce.uasset" 87
"../../Plugins/FX/Niagara/Content/Modules/Update/Lifetime/ParticleState.uasset" 88
"../../Plugins/FX/Niagara/Content/Enums/ENiagaraMassByVolume.uasset" 89
"../../Plugins/FX/Niagara/Content/Modules/Update/Mass/CalculateSizeAndRotationalInertiaByMass.uasset" 90
"../../Plugins/FX/Niagara/Content/Modules/Update/Size/ScaleMeshSize.uasset" 91
"../../Plugins/FX/Niagara/Content/Modules/Update/Size/ScaleSpriteSize.uasset" 92
"../../Plugins/FX/Niagara/Content/DefaultAssets/M_Gnomon.uasset" 93
"../../Plugins/FX/Niagara/Content/DefaultAssets/S_Arrow.uasset" 94
"../../../../../../Users/Embry-Riddle/Desktop/SIM_350_M01.DV01_Diorama-main/ProdBuild/WindowsNoEditor/SIM_350_M2.DV1_Ethan/Content/NS_Ethan_Death.uasset" 95
"../../Plugins/FX/Niagara/Content/DefaultAssets/DefaultRIbbonMaterial.uasset" 96
"../../Plugins/FX/Niagara/Content/Modules/Emitter/SpawnPerFrame.uasset" 97
"../../Plugins/FX/Niagara/Content/Modules/Emitter/SpawnRate.uasset" 98
"../../Plugins/FX/Niagara/Content/Functions/Helpers/AdvancePositionWithAcceleration.uasset" 99
"../../Plugins/FX/Niagara/Content/DefaultAssets/Structs/LocationEvent.uasset" 100
"../../Plugins/FX/Niagara/Content/Modules/Events/GenerateLocationEvent.uasset" 101
"../../Plugins/FX/Niagara/Content/Modules/Events/ReceiveLocationEvent.uasset" 102
"../../Plugins/FX/Niagara/Content/Modules/Spawn/Initialization/InitializeRibbon.uasset" 103
"../../Plugins/FX/Niagara/Content/Modules/Update/Size/ScaleSpriteSizeBySpeed.uasset" 104
"../../../../../../Users/Embry-Riddle/Desktop/SIM_350_M01.DV01_Diorama-main/ProdBuild/WindowsNoEditor/SIM_350_M2.DV1_Ethan/Content/NS_Lasing.uasset" 105
"../../../../../../Users/Embry-Riddle/Desktop/SIM_350_M01.DV01_Diorama-main/ProdBuild/WindowsNoEditor/SIM_350_M2.DV1_Ethan/Content/BP_VRPawn.uasset" 106
"../../../../../../Users/Embry-Riddle/Desktop/SIM_350_M01.DV01_Diorama-main/ProdBuild/WindowsNoEditor/SIM_350_M2.DV1_Ethan/Content/BP_GM_VR.uasset" 107
"../../../../../../Users/Embry-Riddle/Desktop/SIM_350_M01.DV01_Diorama-main/ProdBuild/WindowsNoEditor/SIM_350_M2.DV1_Ethan/Content/StarterContent/Materials/M_Basic_Wall.uasset" 108
"../../../../../../Users/Embry-Riddle/Desktop/SIM_350_M01.DV01_Diorama-main/ProdBuild/WindowsNoEditor/SIM_350_M2.DV1_Ethan/Content/StarterContent/Architecture/Pillar_50x500.uasset" 109
"../../../../../../Users/Embry-Riddle/Desktop/SIM_350_M01.DV01_Diorama-main/ProdBuild/WindowsNoEditor/SIM_350_M2.DV1_Ethan/Content/StarterContent/Architecture/Wall_400x300.uasset" 110
"../../../../../../Users/Embry-Riddle/Desktop/SIM_350_M01.DV01_Diorama-main/ProdBuild/WindowsNoEditor/SIM_350_M2.DV1_Ethan/Content/StarterContent/Architecture/Wall_400x400.uasset" 111
"../../../../../../Users/Embry-Riddle/Desktop/SIM_350_M01.DV01_Diorama-main/ProdBuild/WindowsNoEditor/SIM_350_M2.DV1_Ethan/Content/StarterContent/Architecture/Wall_500x500.uasset" 112
"../../../../../../Users/Embry-Riddle/Desktop/SIM_350_M01.DV01_Diorama-main/ProdBuild/WindowsNoEditor/SIM_350_M2.DV1_Ethan/Content/StarterContent/Architecture/Wall_Door_400x400.uasset" 113
"../../../../../../Users/Embry-Riddle/Desktop/SIM_350_M01.DV01_Diorama-main/ProdBuild/WindowsNoEditor/SIM_350_M2.DV1_Ethan/Content/StarterContent/Architecture/Wall_Window_400x400.uasset" 114
"../../../../../../Users/Embry-Riddle/Desktop/SIM_350_M01.DV01_Diorama-main/ProdBuild/WindowsNoEditor/SIM_350_M2.DV1_Ethan/Content/StarterContent/Audio/Collapse01.uasset" 115
"../../../../../../Users/Embry-Riddle/Desktop/SIM_350_M01.DV01_Diorama-main/ProdBuild/WindowsNoEditor/SIM_350_M2.DV1_Ethan/Content/StarterContent/Audio/Collapse02.uasset" 116
"../../../../../../Users/Embry-Riddle/Desktop/SIM_350_M01.DV01_Diorama-main/ProdBuild/WindowsNoEditor/SIM_350_M2.DV1_Ethan/Content/StarterContent/Audio/Explosion01.uasset" 117
"../../../../../../Users/Embry-Riddle/Desktop/SIM_350_M01.DV01_Diorama-main/ProdBuild/WindowsNoEditor/SIM_350_M2.DV1_Ethan/Content/StarterContent/Audio/Explosion02.uasset" 118
"../../../../../../Users/Embry-Riddle/Desktop/SIM_350_M01.DV01_Diorama-main/ProdBuild/WindowsNoEditor/SIM_350_M2.DV1_Ethan/Content/StarterContent/Audio/Fire01.uasset" 119
"../../../../../../Users/Embry-Riddle/Desktop/SIM_350_M01.DV01_Diorama-main/ProdBuild/WindowsNoEditor/SIM_350_M2.DV1_Ethan/Content/StarterContent/Audio/Fire_Sparks01.uasset" 120
"../../../../../../Users/Embry-Riddle/Desktop/SIM_350_M01.DV01_Diorama-main/ProdBuild/WindowsNoEditor/SIM_350_M2.DV1_Ethan/Content/StarterContent/Audio/Light01.uasset" 121
"../../../../../../Users/Embry-Riddle/Desktop/SIM_350_M01.DV01_Diorama-main/ProdBuild/WindowsNoEditor/SIM_350_M2.DV1_Ethan/Content/StarterContent/Audio/Light01_Cue.uasset" 122
"../../../../../../Users/Embry-Riddle/Desktop/SIM_350_M01.DV01_Diorama-main/ProdBuild/WindowsNoEditor/SIM_350_M2.DV1_Ethan/Content/StarterContent/Audio/Light02.uasset" 123
"../../../../../../Users/Embry-Riddle/Desktop/SIM_350_M01.DV01_Diorama-main/ProdBuild/WindowsNoEditor/SIM_350_M2.DV1_Ethan/Content/StarterContent/Audio/Light02_Cue.uasset" 124
"../../../../../../Users/Embry-Riddle/Desktop/SIM_350_M01.DV01_Diorama-main/ProdBuild/WindowsNoEditor/SIM_350_M2.DV1_Ethan/Content/StarterContent/Audio/Smoke01.uasset" 125
"../../../../../../Users/Embry-Riddle/Desktop/SIM_350_M01.DV01_Diorama-main/ProdBuild/WindowsNoEditor/SIM_350_M2.DV1_Ethan/Content/StarterContent/Audio/Starter_Birds01.uasset" 126
"../../../../../../Users/Embry-Riddle/Desktop/SIM_350_M01.DV01_Diorama-main/ProdBuild/WindowsNoEditor/SIM_350_M2.DV1_Ethan/Content/StarterContent/Audio/Starter_Music01.uasset" 127
"../../../../../../Users/Embry-Riddle/Desktop/SIM_350_M01.DV01_Diorama-main/ProdBuild/WindowsNoEditor/SIM_350_M2.DV1_Ethan/Content/StarterContent/Audio/Starter_Wind05.uasset" 128
"../../../../../../Users/Embry-Riddle/Desktop/SIM_350_M01.DV01_Diorama-main/ProdBuild/WindowsNoEditor/SIM_350_M2.DV1_Ethan/Content/StarterContent/Audio/Starter_Wind06.uasset" 129
"../../../../../../Users/Embry-Riddle/Desktop/SIM_350_M01.DV01_Diorama-main/ProdBuild/WindowsNoEditor/SIM_350_M2.DV1_Ethan/Content/StarterContent/Audio/Steam01.uasset" 130
"../../../../../../Users/Embry-Riddle/Desktop/SIM_350_M01.DV01_Diorama-main/ProdBuild/WindowsNoEditor/SIM_350_M2.DV1_Ethan/Content/StarterContent/Audio/Explosion_Cue.uasset" 131
"../../../../../../Users/Embry-Riddle/Desktop/SIM_350_M01.DV01_Diorama-main/ProdBuild/WindowsNoEditor/SIM_350_M2.DV1_Ethan/Content/StarterContent/Textures/T_Burst_M.uasset" 132
"../../../../../../Users/Embry-Riddle/Desktop/SIM_350_M01.DV01_Diorama-main/ProdBuild/WindowsNoEditor/SIM_350_M2.DV1_Ethan/Content/StarterContent/Particles/Materials/M_Burst.uasset" 133
"../../../../../../Users/Embry-Riddle/Desktop/SIM_350_M01.DV01_Diorama-main/ProdBuild/WindowsNoEditor/SIM_350_M2.DV1_Ethan/Content/StarterContent/Textures/T_Explosion_SubUV.uasset" 134
"../../../../../../Users/Embry-Riddle/Desktop/SIM_350_M01.DV01_Diorama-main/ProdBuild/WindowsNoEditor/SIM_350_M2.DV1_Ethan/Content/StarterContent/Particles/Materials/M_explosion_subUV.uasset" 135
"../../../../../../Users/Embry-Riddle/Desktop/SIM_350_M01.DV01_Diorama-main/ProdBuild/WindowsNoEditor/SIM_350_M2.DV1_Ethan/Content/StarterContent/Particles/Materials/m_flare_01.uasset" 136
"../../../Engine/Content/Functions/Engine_MaterialFunctions01/Gradient/RadialGradient.uasset" 137
"../../../../../../Users/Embry-Riddle/Desktop/SIM_350_M01.DV01_Diorama-main/ProdBuild/WindowsNoEditor/SIM_350_M2.DV1_Ethan/Content/StarterContent/Particles/Materials/M_radial_ramp.uasset" 138
"../../../../../../Users/Embry-Riddle/Desktop/SIM_350_M01.DV01_Diorama-main/ProdBuild/WindowsNoEditor/SIM_350_M2.DV1_Ethan/Content/StarterContent/Textures/T_Smoke_SubUV.uasset" 139
"../../../../../../Users/Embry-Riddle/Desktop/SIM_350_M01.DV01_Diorama-main/ProdBuild/WindowsNoEditor/SIM_350_M2.DV1_Ethan/Content/StarterContent/Textures/T_Smoke_Tiled_D.uasset" 140
"../../../../../../Users/Embry-Riddle/Desktop/SIM_350_M01.DV01_Diorama-main/ProdBuild/WindowsNoEditor/SIM_350_M2.DV1_Ethan/Content/StarterContent/Particles/Materials/M_smoke_subUV.uasset" 141
"../../../../../../Users/Embry-Riddle/Desktop/SIM_350_M01.DV01_Diorama-main/ProdBuild/WindowsNoEditor/SIM_350_M2.DV1_Ethan/Content/StarterContent/Particles/P_Explosion.uasset" 142
"../../../../../../Users/Embry-Riddle/Desktop/SIM_350_M01.DV01_Diorama-main/ProdBuild/WindowsNoEditor/SIM_350_M2.DV1_Ethan/Content/StarterContent/Blueprints/Blueprint_Effect_Explosion.uasset" 143
"../../../Engine/Content/EditorMeshes/ColorCalibrator/T_ColorGrid.uasset" 144
"../../../../../../Users/Embry-Riddle/Desktop/SIM_350_M01.DV01_Diorama-main/ProdBuild/WindowsNoEditor/SIM_350_M2.DV1_Ethan/Content/StarterContent/Materials/M_ColorGrid_LowSpec.uasset" 145
"../../../../../../Users/Embry-Riddle/Desktop/SIM_350_M01.DV01_Diorama-main/ProdBuild/WindowsNoEditor/SIM_350_M2.DV1_Ethan/Content/StarterContent/Textures/T_Bush_D.uasset" 146
"../../../../../../Users/Embry-Riddle/Desktop/SIM_350_M01.DV01_Diorama-main/ProdBuild/WindowsNoEditor/SIM_350_M2.DV1_Ethan/Content/StarterContent/Textures/T_Bush_N.uasset" 147
"../../../../../../Users/Embry-Riddle/Desktop/SIM_350_M01.DV01_Diorama-main/ProdBuild/WindowsNoEditor/SIM_350_M2.DV1_Ethan/Content/StarterContent/Props/Materials/M_Bush.uasset" 148
"../../../../../../Users/Embry-Riddle/Desktop/SIM_350_M01.DV01_Diorama-main/ProdBuild/WindowsNoEditor/SIM_350_M2.DV1_Ethan/Content/StarterContent/Props/SM_Bush.uasset" 149
"../../../../../../Users/Embry-Riddle/Desktop/SIM_350_M01.DV01_Diorama-main/ProdBuild/WindowsNoEditor/SIM_350_M2.DV1_Ethan/Content/StarterContent/Textures/T_Chair_M.uasset" 150
"../../../../../../Users/Embry-Riddle/Desktop/SIM_350_M01.DV01_Diorama-main/ProdBuild/WindowsNoEditor/SIM_350_M2.DV1_Ethan/Content/StarterContent/Textures/T_Chair_N.uasset" 151
"../../../../../../Users/Embry-Riddle/Desktop/SIM_350_M01.DV01_Diorama-main/ProdBuild/WindowsNoEditor/SIM_350_M2.DV1_Ethan/Content/StarterContent/Props/Materials/M_Chair.uasset" 152
"../../../../../../Users/Embry-Riddle/Desktop/SIM_350_M01.DV01_Diorama-main/ProdBuild/WindowsNoEditor/SIM_350_M2.DV1_Ethan/Content/StarterContent/Props/SM_Couch.uasset" 153
"../../../../../../Users/Embry-Riddle/Desktop/SIM_350_M01.DV01_Diorama-main/ProdBuild/WindowsNoEditor/SIM_350_M2.DV1_Ethan/Content/StarterContent/Materials/M_Glass.uasset" 154
"../../../../../../Users/Embry-Riddle/Desktop/SIM_350_M01.DV01_Diorama-main/ProdBuild/WindowsNoEditor/SIM_350_M2.DV1_Ethan/Content/StarterContent/Textures/T_Door_M.uasset" 155
"../../../../../../Users/Embry-Riddle/Desktop/SIM_350_M01.DV01_Diorama-main/ProdBuild/WindowsNoEditor/SIM_350_M2.DV1_Ethan/Content/StarterContent/Textures/T_Door_N.uasset" 156
"../../../../../../Users/Embry-Riddle/Desktop/SIM_350_M01.DV01_Diorama-main/ProdBuild/WindowsNoEditor/SIM_350_M2.DV1_Ethan/Content/StarterContent/Props/Materials/M_Door.uasset" 157
"../../../../../../Users/Embry-Riddle/Desktop/SIM_350_M01.DV01_Diorama-main/ProdBuild/WindowsNoEditor/SIM_350_M2.DV1_Ethan/Content/StarterContent/Props/SM_Door.uasset" 158
"../../../../../../Users/Embry-Riddle/Desktop/SIM_350_M01.DV01_Diorama-main/ProdBuild/WindowsNoEditor/SIM_350_M2.DV1_Ethan/Content/StarterContent/Props/Materials/M_MaterialSphere.uasset" 159
"../../../../../../Users/Embry-Riddle/Desktop/SIM_350_M01.DV01_Diorama-main/ProdBuild/WindowsNoEditor/SIM_350_M2.DV1_Ethan/Content/StarterContent/Props/Materials/M_MaterialSphere_Plain.uasset" 160
"../../../../../../Users/Embry-Riddle/Desktop/SIM_350_M01.DV01_Diorama-main/ProdBuild/WindowsNoEditor/SIM_350_M2.DV1_Ethan/Content/StarterContent/Props/SM_MatPreviewMesh_02.uasset" 161
"../../../../../../Users/Embry-Riddle/Desktop/SIM_350_M01.DV01_Diorama-main/ProdBuild/WindowsNoEditor/SIM_350_M2.DV1_Ethan/Content/StarterContent/Textures/T_Detail_Rocky_N.uasset" 162
"../../../../../../Users/Embry-Riddle/Desktop/SIM_350_M01.DV01_Diorama-main/ProdBuild/WindowsNoEditor/SIM_350_M2.DV1_Ethan/Content/StarterContent/Textures/T_Rock_Basalt_D.uasset" 163
"../../../../../../Users/Embry-Riddle/Desktop/SIM_350_M01.DV01_Diorama-main/ProdBuild/WindowsNoEditor/SIM_350_M2.DV1_Ethan/Content/StarterContent/Textures/T_RockMesh_M.uasset" 164
"../../../../../../Users/Embry-Riddle/Desktop/SIM_350_M01.DV01_Diorama-main/ProdBuild/WindowsNoEditor/SIM_350_M2.DV1_Ethan/Content/StarterContent/Textures/T_RockMesh_N.uasset" 165
"../../../../../../Users/Embry-Riddle/Desktop/SIM_350_M01.DV01_Diorama-main/ProdBuild/WindowsNoEditor/SIM_350_M2.DV1_Ethan/Content/StarterContent/Props/Materials/M_Rock.uasset" 166
"../../../../../../Users/Embry-Riddle/Desktop/SIM_350_M01.DV01_Diorama-main/ProdBuild/WindowsNoEditor/SIM_350_M2.DV1_Ethan/Content/StarterContent/Props/SM_Rock.uasset" 167
"../../../../../../Users/Embry-Riddle/Desktop/SIM_350_M01.DV01_Diorama-main/ProdBuild/WindowsNoEditor/SIM_350_M2.DV1_Ethan/Content/StarterContent/Textures/T_Shelf_M.uasset" 168
"../../../../../../Users/Embry-Riddle/Desktop/SIM_350_M01.DV01_Diorama-main/ProdBuild/WindowsNoEditor/SIM_350_M2.DV1_Ethan/Content/StarterContent/Textures/T_Shelf_N.uasset" 169
"../../../../../../Users/Embry-Riddle/Desktop/SIM_350_M01.DV01_Diorama-main/ProdBuild/WindowsNoEditor/SIM_350_M2.DV1_Ethan/Content/StarterContent/Props/Materials/M_Shelf.uasset" 170
"../../../../../../Users/Embry-Riddle/Desktop/SIM_350_M01.DV01_Diorama-main/ProdBuild/WindowsNoEditor/SIM_350_M2.DV1_Ethan/Content/StarterContent/Props/SM_Shelf.uasset" 171
"../../../../../../Users/Embry-Riddle/Desktop/SIM_350_M01.DV01_Diorama-main/ProdBuild/WindowsNoEditor/SIM_350_M2.DV1_Ethan/Content/StarterContent/Materials/M_Basic_Floor.uasset" 172
"../../../../../../Users/Embry-Riddle/Desktop/SIM_350_M01.DV01_Diorama-main/ProdBuild/WindowsNoEditor/SIM_350_M2.DV1_Ethan/Content/StarterContent/Props/SM_Stairs.uasset" 173
"../../../../../../Users/Embry-Riddle/Desktop/SIM_350_M01.DV01_Diorama-main/ProdBuild/WindowsNoEditor/SIM_350_M2.DV1_Ethan/Content/StarterContent/Shapes/Shape_Cone.uasset" 174
"../../../../../../Users/Embry-Riddle/Desktop/SIM_350_M01.DV01_Diorama-main/ProdBuild/WindowsNoEditor/SIM_350_M2.DV1_Ethan/Content/StarterContent/Shapes/Shape_Cylinder.uasset" 175
"../../../../../../Users/Embry-Riddle/Desktop/SIM_350_M01.DV01_Diorama-main/ProdBuild/WindowsNoEditor/SIM_350_M2.DV1_Ethan/Content/StarterContent/Shapes/Shape_NarrowCapsule.uasset" 176
"../../../../../../Users/Embry-Riddle/Desktop/SIM_350_M01.DV01_Diorama-main/ProdBuild/WindowsNoEditor/SIM_350_M2.DV1_Ethan/Content/StarterContent/Shapes/Shape_Pipe.uasset" 177
"../../../../../../Users/Embry-Riddle/Desktop/SIM_350_M01.DV01_Diorama-main/ProdBuild/WindowsNoEditor/SIM_350_M2.DV1_Ethan/Content/StarterContent/Shapes/Shape_Pipe_180.uasset" 178
"../../../../../../Users/Embry-Riddle/Desktop/SIM_350_M01.DV01_Diorama-main/ProdBuild/WindowsNoEditor/SIM_350_M2.DV1_Ethan/Content/StarterContent/Shapes/Shape_Pipe_90.uasset" 179
"../../../../../../Users/Embry-Riddle/Desktop/SIM_350_M01.DV01_Diorama-main/ProdBuild/WindowsNoEditor/SIM_350_M2.DV1_Ethan/Content/StarterContent/Shapes/Shape_Plane.uasset" 180
"../../../../../../Users/Embry-Riddle/Desktop/SIM_350_M01.DV01_Diorama-main/ProdBuild/WindowsNoEditor/SIM_350_M2.DV1_Ethan/Content/StarterContent/Shapes/Shape_Torus.uasset" 181
"../../../../../../Users/Embry-Riddle/Desktop/SIM_350_M01.DV01_Diorama-main/ProdBuild/WindowsNoEditor/SIM_350_M2.DV1_Ethan/Content/StarterContent/Shapes/Shape_Trim.uasset" 182
"../../../../../../Users/Embry-Riddle/Desktop/SIM_350_M01.DV01_Diorama-main/ProdBuild/WindowsNoEditor/SIM_350_M2.DV1_Ethan/Content/StarterContent/Shapes/Shape_Trim_90_In.uasset" 183
"../../../../../../Users/Embry-Riddle/Desktop/SIM_350_M01.DV01_Diorama-main/ProdBuild/WindowsNoEditor/SIM_350_M2.DV1_Ethan/Content/StarterContent/Shapes/Shape_Trim_90_Out.uasset" 184
"../../../../../../Users/Embry-Riddle/Desktop/SIM_350_M01.DV01_Diorama-main/ProdBuild/WindowsNoEditor/SIM_350_M2.DV1_Ethan/Content/StarterContent/Shapes/Shape_TriPyramid.uasset" 185
"../../../../../../Users/Embry-Riddle/Desktop/SIM_350_M01.DV01_Diorama-main/ProdBuild/WindowsNoEditor/SIM_350_M2.DV1_Ethan/Content/StarterContent/Shapes/Shape_Tube.uasset" 186
"../../../../../../Users/Embry-Riddle/Desktop/SIM_350_M01.DV01_Diorama-main/ProdBuild/WindowsNoEditor/SIM_350_M2.DV1_Ethan/Content/StarterContent/Shapes/Shape_Wedge_A.uasset" 187
"../../../../../../Users/Embry-Riddle/Desktop/SIM_350_M01.DV01_Diorama-main/ProdBuild/WindowsNoEditor/SIM_350_M2.DV1_Ethan/Content/StarterContent/Shapes/Shape_Wedge_B.uasset" 188
"../../../../../../Users/Embry-Riddle/Desktop/SIM_350_M01.DV01_Diorama-main/ProdBuild/WindowsNoEditor/SIM_350_M2.DV1_Ethan/Content/StarterContent/Shapes/Shape_WideCapsule.uasset" 189
"../../../Engine/Content/Animation/DefaultAnimCurveCompressionSettings.uasset" 190
"../../../Engine/Content/ArtTools/RenderToTexture/Meshes/S_1_Unit_Plane.uasset" 191
"../../../Engine/Content/EngineMaterials/DefaultMaterial.uasset" 192
"../../../Engine/Content/BasicShapes/Cone.uasset" 193
"../../../Engine/Content/BasicShapes/Cylinder.uasset" 194
"../../../Engine/Content/BasicShapes/Plane.uasset" 195
"../../../Engine/Content/BasicShapes/Sphere.uasset" 196
"../../../Engine/Content/EditorLandscapeResources/DataLayer.uasset" 197
"../../../Engine/Content/EditorMaterials/MAT_Groups_Toggle.uasset" 198
"../../../Engine/Content/EditorMaterials/MAT_Groups_Visibility.uasset" 199
"../../../Engine/Content/EditorMaterials/PreviewShadowIndicator.uasset" 200
"../../../Engine/Content/EditorMaterials/PreviewShadowIndicatorMaterial.uasset" 201
"../../../Engine/Content/EditorMaterials/MatineeGroups/MAT_ColorTrack.uasset" 202
"../../../Engine/Content/EditorMaterials/MatineeGroups/MAT_Groups_Anim.uasset" 203
"../../../Engine/Content/EditorMaterials/MatineeGroups/MAT_Groups_AudioMaster.uasset" 204
"../../../Engine/Content/EditorMaterials/MatineeGroups/MAT_Groups_Director.uasset" 205
"../../../Engine/Content/EditorMaterials/MatineeGroups/MAT_Groups_Event.uasset" 206
"../../../Engine/Content/EditorMaterials/MatineeGroups/MAT_Groups_Fade.uasset" 207
"../../../Engine/Content/EditorMaterials/MatineeGroups/MAT_Groups_Float.uasset" 208
"../../../Engine/Content/EditorMaterials/MatineeGroups/MAT_Groups_Move.uasset" 209
"../../../Engine/Content/EditorMaterials/MatineeGroups/MAT_Groups_Slomo.uasset" 210
"../../../Engine/Content/EditorMaterials/MatineeGroups/MAT_Groups_Sound.uasset" 211
"../../../Engine/Content/EditorMaterials/MatineeGroups/MAT_Groups_Vector.uasset" 212
"../../../Engine/Content/EditorMaterials/ParticleSystems/PSysThumbnail_NoImage.uasset" 213
"../../../Engine/Content/EditorMaterials/ParticleSystems/PSysThumbnail_OOD.uasset" 214
"../../../Engine/Content/EditorMaterials/Camera/CineMat.uasset" 215
"../../../Engine/Content/EditorMaterials/Camera/MI_CineMat_Rig.uasset" 216
"../../../Engine/Content/EditorMeshes/Camera/SM_CraneRig_Arm.uasset" 217
"../../../Engine/Content/EditorMeshes/Camera/SM_CraneRig_Base.uasset" 218
"../../../Engine/Content/EditorMeshes/Camera/SM_CraneRig_Body.uasset" 219
"../../../Engine/Content/EditorMeshes/Camera/SM_CraneRig_Mount.uasset" 220
"../../../Engine/Content/EditorMeshes/Camera/SM_RailRig_Mount.uasset" 221
"../../../Engine/Content/EditorMeshes/Camera/SM_RailRig_Track.uasset" 222
"../../../Engine/Content/EditorResources/BSPVertex.uasset" 223
"../../../Engine/Content/EditorResources/EmptyActor.uasset" 224
"../../../Engine/Content/EditorResources/S_Actor.uasset" 225
"../../../Engine/Content/EditorResources/S_Note.uasset" 226
"../../../Engine/Content/EditorResources/S_Solver.uasset" 227
"../../../Engine/Content/EditorResources/S_Trigger.uasset" 228
"../../../Engine/Content/EditorResources/AudioIcons/S_AudioComponent.uasset" 229
"../../../Engine/Content/EditorResources/AudioIcons/S_AudioComponent_AutoActivate.uasset" 230
"../../../Engine/Content/EditorResources/LightIcons/S_LightError.uasset" 231
"../../../Engine/Content/EditorResources/SequenceRecorder/Countdown.uasset" 232
"../../../Engine/Content/EditorResources/SequenceRecorder/RecordingIndicator.uasset" 233
"../../../Engine/Content/EditorSounds/Notifications/CompileFailed.uasset" 234
"../../../Engine/Content/EditorSounds/Notifications/CompileFailed_Cue.uasset" 235
"../../../Engine/Content/EditorSounds/Notifications/CompileSuccess.uasset" 236
"../../../Engine/Content/EditorSounds/Notifications/CompileStart_Cue.uasset" 237
"../../../Engine/Content/EditorSounds/Notifications/CompileSuccess_Cue.uasset" 238
"../../../Engine/Content/EngineDamageTypes/DmgTypeBP_Environmental.uasset" 239
"../../../Engine/Content/EngineDebugMaterials/DebugEditorMaterial.uasset" 240
"../../../Engine/Content/EngineDebugMaterials/DebugMeshMaterial.uasset" 241
"../../../Engine/Content/EngineDebugMaterials/M_SimpleUnlitTranslucent.uasset" 242
"../../../Engine/Content/Functions/Engine_MaterialFunctions02/Utility/CameraDirectionVector.uasset" 243
"../../../Engine/Content/EngineDebugMaterials/VolumeToRender.uasset" 244
"../../../Engine/Content/EngineDebugMaterials/M_VolumeRenderSphereTracePP.uasset" 245
"../../../Engine/Content/EngineDebugMaterials/WireframeMaterial.uasset" 246
"../../../Engine/Content/EngineFonts/Faces/DroidSansFallback.uasset" 247
"../../../Engine/Content/EngineFonts/Faces/RobotoBold.uasset" 248
"../../../Engine/Content/EngineFonts/Faces/RobotoBoldItalic.uasset" 249
"../../../Engine/Content/EngineFonts/Faces/RobotoItalic.uasset" 250
"../../../Engine/Content/EngineFonts/Faces/RobotoLight.uasset" 251
"../../../Engine/Content/EngineFonts/Faces/RobotoRegular.uasset" 252
"../../../Engine/Content/EngineFonts/Roboto.uasset" 253
"../../../Engine/Content/EngineMaterials/BaseFlattenDiffuseMap.uasset" 254
"../../../Engine/Content/EngineMaterials/BaseFlattenEmissiveMap.uasset" 255
"../../../Engine/Content/EngineMaterials/BaseFlattenGrayscaleMap.uasset" 256
"../../../Engine/Content/EngineMaterials/BaseFlattenNormalMap.uasset" 257
"../../../Engine/Content/EngineMaterials/BaseFlattenMaterial.uasset" 258
"../../../Engine/Content/EngineMaterials/BlueNoise.uasset" 259
"../../../Engine/Content/EngineMaterials/DefaultBloomKernel.uasset" 260
"../../../Engine/Content/EngineMaterials/DefaultBokeh.uasset" 261
"../../../Engine/Content/EngineMaterials/DefaultDiffuse.uasset" 262
"../../../Engine/Content/EngineMaterials/DefaultDeferredDecalMaterial.uasset" 263
"../../../Engine/Content/EngineMaterials/DefaultLightFunctionMaterial.uasset" 264
"../../../Engine/Content/EngineMaterials/DefaultPhysicalMaterial.uasset" 265
"../../../Engine/Content/Functions/Engine_MaterialFunctions02/Utility/BreakOutFloat2Components.uasset" 266
"../../../Engine/Content/EngineMaterials/DefaultPostProcessMaterial.uasset" 267
"../../../Engine/Content/EngineFonts/RobotoDistanceField.uasset" 268
"../../../Engine/Content/EngineMaterials/DefaultTextMaterialOpaque.uasset" 269
"../../../Engine/Content/EngineMaterials/DefaultWhiteGrid.uasset" 270
"../../../Engine/Content/EngineMaterials/DefaultWhiteGrid_Low.uasset" 271
"../../../Engine/Content/EngineMaterials/EmissiveMeshMaterial.uasset" 272
"../../../Engine/Content/EngineMaterials/GizmoMaterial.uasset" 273
"../../../Engine/Content/EngineMaterials/Good64x64TilingNoiseHighFreq.uasset" 274
"../../../Engine/Content/EngineMaterials/MiniFont.uasset" 275
"../../../Engine/Content/EngineMaterials/InvalidLightmapSettings.uasset" 276
"../../../Engine/Content/EngineMaterials/M_InvalidLightmapSettings.uasset" 277
"../../../Engine/Content/Functions/Engine_MaterialFunctions02/WorldPositionOffset/CameraOffset.uasset" 278
"../../../Engine/Content/EngineMaterials/PhAT_JointLimitMaterial.uasset" 279
"../../../Engine/Content/EngineMaterials/PreintegratedSkinBRDF.uasset" 280
"../../../Engine/Content/EngineMaterials/RemoveSurfaceMaterial.uasset" 281
"../../../Engine/Content/EngineMaterials/WeightMapPlaceholderTexture.uasset" 282
"../../../Engine/Content/EngineResources/WhiteSquareTexture.uasset" 283
"../../../Engine/Content/EngineMaterials/Widget3DPassThrough.uasset" 284
"../../../Engine/Content/EngineMaterials/Widget3DPassThrough_Masked.uasset" 285
"../../../Engine/Content/EngineMaterials/Widget3DPassThrough_Opaque.uasset" 286
"../../../Engine/Content/EngineMaterials/Widget3DPassThrough_Masked_OneSided.uasset" 287
"../../../Engine/Content/EngineMaterials/Widget3DPassThrough_Opaque_OneSided.uasset" 288
"../../../Engine/Content/EngineMaterials/Widget3DPassThrough_Translucent.uasset" 289
"../../../Engine/Content/EngineMaterials/Widget3DPassThrough_Translucent_OneSided.uasset" 290
"../../../Engine/Content/EngineMeshes/Cylinder.uasset" 291
"../../../Engine/Content/EngineMeshes/Sphere.uasset" 292
"../../../Engine/Content/EngineResources/Black.uasset" 293
"../../../Engine/Content/EngineResources/DefaultTexture.uasset" 294
"../../../Engine/Content/EngineResources/DefaultTextureCube.uasset" 295
"../../../Engine/Content/EngineResources/DefaultVolumeTexture2D.uasset" 296
"../../../Engine/Content/EngineResources/DefaultVolumeTexture.uasset" 297
"../../../Engine/Content/EngineResources/GradientTexture0.uasset" 298
"../../../Engine/Content/EngineSounds/Master.uasset" 299
"../../../Engine/Content/Functions/Engine_MaterialFunctions01/Shading/ConvertFromDiffSpec.uasset" 300
"../../../Engine/Content/Functions/Engine_MaterialFunctions01/Shading/PowerToRoughness.uasset" 301
"../../../Engine/Content/Maps/Templates/Thumbnails/Default.uasset" 302
"../../../Engine/Content/Maps/Templates/Thumbnails/TimeOfDay.uasset" 303
"../../../Engine/Content/Maps/Templates/Thumbnails/VR-Basic.uasset" 304
"../../../Engine/Content/MobileResources/T_MobileControls_texture.uasset" 305
"../../../Engine/Content/MobileResources/T_MobileMenu2.uasset" 306
"../../../Engine/Content/MobileResources/HUD/AnalogHat.uasset" 307
"../../../Engine/Content/MobileResources/HUD/VirtualJoystick_Background.uasset" 308
"../../../Engine/Content/MobileResources/HUD/VirtualJoystick_Thumb.uasset" 309
"../../../Engine/Content/MobileResources/HUD/DefaultVirtualJoysticks.uasset" 310
"../../../Engine/Content/MobileResources/HUD/LeftVirtualJoystickOnly.uasset" 311
"../../../Engine/Content/MobileResources/HUD/MobileHUDButton1_off.uasset" 312
"../../../Engine/Content/MobileResources/HUD/MobileHUDButton1_on.uasset" 313
"../../../Engine/Content/MobileResources/HUD/MobileHUDButton2_off.uasset" 314
"../../../Engine/Content/MobileResources/HUD/MobileHUDButton2_on.uasset" 315
"../../../Engine/Content/MobileResources/HUD/MobileHUDButton3.uasset" 316
"../../../Engine/Content/MobileResources/HUD/MobileHUDButtonFire.uasset" 317
"../../../Engine/Content/MobileResources/HUD/MobileHUDDirectionPad.uasset" 318
"../../../Engine/Content/MobileResources/HUD/MobileHUDDirectionPad2.uasset" 319
"../../../Engine/Content/MobileResources/HUD/MobileHUDDirectionPad3.uasset" 320
"../../../Engine/Content/MobileResources/HUD/MobileHUDDirectionStick.uasset" 321
"../../../Engine/Content/MobileResources/HUD/T_Castle_ThumbstickInner.uasset" 322
"../../../Engine/Content/MobileResources/HUD/T_Castle_ThumbstickOutter.uasset" 323
"../../../Engine/Content/Tutorial/ContentIntroCurve.uasset" 324
"../../../Engine/Content/Tutorial/Basics/LevelEditorAttract.uasset" 325
"../../../Engine/Content/Tutorial/Basics/TutorialAssets/icon_tab_Levels_40x.uasset" 326
"../../../Engine/Content/Tutorial/Basics/LevelEditorOverview.uasset" 327
"../../../Engine/Content/VREditor/LaserPointer/VR_LaserPower_01.uasset" 328
"../../../Engine/Content/VREditor/TransformGizmo/TransformGizmoMaterial.uasset" 329
"../../../Engine/Content/VREditor/TransformGizmo/TranslucentTransformGizmoMaterial.uasset" 330
"../../../Engine/Content/VREditor/TransformGizmo/BoundingBoxCorner.uasset" 331
"../../../Engine/Content/VREditor/TransformGizmo/BoundingBoxEdge.uasset" 332
"../../../Engine/Content/VREditor/TransformGizmo/PlaneTranslationHandle.uasset" 333
"../../../Engine/Content/VREditor/TransformGizmo/Main.uasset" 334
"../../../Engine/Content/VREditor/TransformGizmo/Xray.uasset" 335
"../../../Engine/Content/VREditor/TransformGizmo/SM_Sequencer_Key.uasset" 336
"../../../Engine/Content/VREditor/TransformGizmo/SM_Sequencer_Node.uasset" 337
"../../Plugins/2D/Paper2D/Content/PlaceholderTextures/DummySpriteTexture.uasset" 338
"../../Plugins/2D/Paper2D/Content/DummySprite.uasset" 339
"../../Plugins/2D/Paper2D/Content/DefaultPaperTerrainMaterial.uasset" 340
"../../Plugins/2D/Paper2D/Content/DefaultSpriteMaterial.uasset" 341
"../../Plugins/2D/Paper2D/Content/MaskedUnlitSpriteMaterial.uasset" 342
"../../Plugins/2D/Paper2D/Content/OpaqueUnlitSpriteMaterial.uasset" 343
"../../Plugins/FX/Niagara/Content/Enums/ENiagaraBooleanLogicOps.uasset" 344
"../../Plugins/FX/Niagara/Content/Enums/ENiagaraOrientationAxis.uasset" 345
"../../../Engine/Content/Functions/Engine_MaterialFunctions02/Utility/BreakOutFloat4Components.uasset" 346
"../../../Engine/Content/Functions/Engine_MaterialFunctions02/Utility/MakeFloat2.uasset" 347
"../../../Engine/Content/Functions/Engine_MaterialFunctions02/Utility/MakeFloat3.uasset" 348
"../../Plugins/Runtime/Oculus/OculusVR/Content/Materials/OculusMR_ChromaKey.uasset" 349
"../../Plugins/Runtime/Oculus/OculusVR/Content/Materials/OculusMR_ChromaKey_Lit.uasset" 350
"../../Plugins/Runtime/Oculus/OculusVR/Content/Materials/OculusMR_OpaqueColoredMaterial.uasset" 351
"../../Plugins/Runtime/Oculus/OculusVR/Content/Materials/OculusMR_WhiteMaterial.uasset" 352
"../../../Engine/Content/EngineSky/C_Sky_Cloud_Color.uasset" 353
"../../../Engine/Content/EngineSky/C_Sky_Horizon_Color.uasset" 354
"../../../Engine/Content/EngineSky/C_Sky_Zenith_Color.uasset" 355
"../../../Engine/Content/EngineSky/T_Sky_Blue.uasset" 356
"../../../Engine/Content/EngineSky/T_Sky_Clouds_M.uasset" 357
"../../../Engine/Content/EngineSky/T_Sky_Stars.uasset" 358
"../../../Engine/Content/EngineSky/M_Sky_Panning_Clouds2.uasset" 359
"../../../Engine/Content/EngineSky/SM_SkySphere.uasset" 360
"../../../Engine/Content/EngineSky/BP_Sky_Sphere.uasset" 361
"../../../../../../Users/Embry-Riddle/Desktop/SIM_350_M01.DV01_Diorama-main/ProdBuild/WindowsNoEditor/SIM_350_M2.DV1_Ethan/Content/Caw_BuiltData.uasset" 362
"../../../../../../Users/Embry-Riddle/Desktop/SIM_350_M01.DV01_Diorama-main/ProdBuild/WindowsNoEditor/SIM_350_M2.DV1_Ethan/Content/StarterContent/Audio/Starter_Background_Cue.uasset" 363
"../../../../../../Users/Embry-Riddle/Desktop/SIM_350_M01.DV01_Diorama-main/ProdBuild/WindowsNoEditor/SIM_350_M2.DV1_Ethan/Content/Caw.umap" 364
"../../../../../../Users/Embry-Riddle/Desktop/SIM_350_M01.DV01_Diorama-main/ProdBuild/WindowsNoEditor/SIM_350_M2.DV1_Ethan/Content/StarterContent/Blueprints/Assets/FogBrightnessLUT.uasset" 365
"../../../../../../Users/Embry-Riddle/Desktop/SIM_350_M01.DV01_Diorama-main/ProdBuild/WindowsNoEditor/SIM_350_M2.DV1_Ethan/Content/StarterContent/Blueprints/Assets/SunlightColorLUT.uasset" 366
"../../../../../../Users/Embry-Riddle/Desktop/SIM_350_M01.DV01_Diorama-main/ProdBuild/WindowsNoEditor/SIM_350_M2.DV1_Ethan/Content/StarterContent/Blueprints/Assets/M_LightStage_Arrows.uasset" 367
"../../../Engine/Content/MapTemplates/Sky/DaylightAmbientCubemap.uasset" 368
"../../../../../../Users/Embry-Riddle/Desktop/SIM_350_M01.DV01_Diorama-main/ProdBuild/WindowsNoEditor/SIM_350_M2.DV1_Ethan/Content/StarterContent/Blueprints/Assets/M_LightStage_Skybox_Master.uasset" 369
"../../../../../../Users/Embry-Riddle/Desktop/SIM_350_M01.DV01_Diorama-main/ProdBuild/WindowsNoEditor/SIM_350_M2.DV1_Ethan/Content/StarterContent/Blueprints/Assets/M_LightStage_Skybox_Black.uasset" 370
"../../../../../../Users/Embry-Riddle/Desktop/SIM_350_M01.DV01_Diorama-main/ProdBuild/WindowsNoEditor/SIM_350_M2.DV1_Ethan/Content/StarterContent/Blueprints/Assets/M_LightStage_Skybox_HDRI.uasset" 371
"../../../Engine/Content/EditorMaterials/Thumbnails/SkySphereMaterial.uasset" 372
"../../../../../../Users/Embry-Riddle/Desktop/SIM_350_M01.DV01_Diorama-main/ProdBuild/WindowsNoEditor/SIM_350_M2.DV1_Ethan/Content/StarterContent/Blueprints/Assets/Skybox.uasset" 373
"../../../../../../Users/Embry-Riddle/Desktop/SIM_350_M01.DV01_Diorama-main/ProdBuild/WindowsNoEditor/SIM_350_M2.DV1_Ethan/Content/StarterContent/Blueprints/Assets/SM_Arrows.uasset" 374
"../../../../../../Users/Embry-Riddle/Desktop/SIM_350_M01.DV01_Diorama-main/ProdBuild/WindowsNoEditor/SIM_350_M2.DV1_Ethan/Content/StarterContent/HDRI/HDRI_Epic_Courtyard_Daylight.uasset" 375
"../../../../../../Users/Embry-Riddle/Desktop/SIM_350_M01.DV01_Diorama-main/ProdBuild/WindowsNoEditor/SIM_350_M2.DV1_Ethan/Content/StarterContent/Blueprints/BP_LightStudio.uasset" 376
"../../../../../../Users/Embry-Riddle/Desktop/SIM_350_M01.DV01_Diorama-main/ProdBuild/WindowsNoEditor/SIM_350_M2.DV1_Ethan/Content/StarterContent/Maps/Advanced_Lighting_BuiltData.uasset" 377
"../../../../../../Users/Embry-Riddle/Desktop/SIM_350_M01.DV01_Diorama-main/ProdBuild/WindowsNoEditor/SIM_350_M2.DV1_Ethan/Content/StarterContent/Materials/M_AssetPlatform.uasset" 378
"../../../Engine/Content/EditorMeshes/ColorCalibrator/M_ChromeBall.uasset" 379
"../../../Engine/Content/EditorMeshes/ColorCalibrator/M_ClearCoat.uasset" 380
"../../../Engine/Content/EditorMeshes/ColorCalibrator/M_ClearCoatBlack.uasset" 381
"../../../Engine/Content/EditorMeshes/ColorCalibrator/Color_checker.uasset" 382
"../../../Engine/Content/EditorMeshes/ColorCalibrator/M_ColorGrid.uasset" 383
"../../../Engine/Content/EditorMeshes/ColorCalibrator/M_GreyBall.uasset" 384
"../../../Engine/Content/EditorMeshes/ColorCalibrator/SM_ColorCalibrator.uasset" 385
"../../../../../../Users/Embry-Riddle/Desktop/SIM_350_M01.DV01_Diorama-main/ProdBuild/WindowsNoEditor/SIM_350_M2.DV1_Ethan/Content/StarterContent/Architecture/SM_AssetPlatform.uasset" 386
"../../../../../../Users/Embry-Riddle/Desktop/SIM_350_M01.DV01_Diorama-main/ProdBuild/WindowsNoEditor/SIM_350_M2.DV1_Ethan/Content/StarterContent/Maps/Advanced_Lighting.umap" 387
"../../../../../../Users/Embry-Riddle/Desktop/SIM_350_M01.DV01_Diorama-main/ProdBuild/WindowsNoEditor/SIM_350_M2.DV1_Ethan/Content/StarterContent/Maps/Minimal_Default_BuiltData.uasset" 388
"../../../../../../Users/Embry-Riddle/Desktop/SIM_350_M01.DV01_Diorama-main/ProdBuild/WindowsNoEditor/SIM_350_M2.DV1_Ethan/Content/StarterContent/Textures/T_MacroVariation.uasset" 389
"../../../../../../Users/Embry-Riddle/Desktop/SIM_350_M01.DV01_Diorama-main/ProdBuild/WindowsNoEditor/SIM_350_M2.DV1_Ethan/Content/StarterContent/Materials/M_Metal_Brushed_Nickel.uasset" 390
"../../../../../../Users/Embry-Riddle/Desktop/SIM_350_M01.DV01_Diorama-main/ProdBuild/WindowsNoEditor/SIM_350_M2.DV1_Ethan/Content/StarterContent/Textures/T_Metal_Aluminum_D.uasset" 391
"../../../../../../Users/Embry-Riddle/Desktop/SIM_350_M01.DV01_Diorama-main/ProdBuild/WindowsNoEditor/SIM_350_M2.DV1_Ethan/Content/StarterContent/Textures/T_Metal_Gold_N.uasset" 392
"../../../../../../Users/Embry-Riddle/Desktop/SIM_350_M01.DV01_Diorama-main/ProdBuild/WindowsNoEditor/SIM_350_M2.DV1_Ethan/Content/StarterContent/Materials/M_Metal_Burnished_Steel.uasset" 393
"../../../../../../Users/Embry-Riddle/Desktop/SIM_350_M01.DV01_Diorama-main/ProdBuild/WindowsNoEditor/SIM_350_M2.DV1_Ethan/Content/StarterContent/Textures/T_Metal_Copper_D.uasset" 394
"../../../../../../Users/Embry-Riddle/Desktop/SIM_350_M01.DV01_Diorama-main/ProdBuild/WindowsNoEditor/SIM_350_M2.DV1_Ethan/Content/StarterContent/Materials/M_Metal_Copper.uasset" 395
"../../../../../../Users/Embry-Riddle/Desktop/SIM_350_M01.DV01_Diorama-main/ProdBuild/WindowsNoEditor/SIM_350_M2.DV1_Ethan/Content/StarterContent/Textures/T_Statue_M.uasset" 396
"../../../../../../Users/Embry-Riddle/Desktop/SIM_350_M01.DV01_Diorama-main/ProdBuild/WindowsNoEditor/SIM_350_M2.DV1_Ethan/Content/StarterContent/Textures/T_Statue_N.uasset" 397
"../../../../../../Users/Embry-Riddle/Desktop/SIM_350_M01.DV01_Diorama-main/ProdBuild/WindowsNoEditor/SIM_350_M2.DV1_Ethan/Content/StarterContent/Props/Materials/M_StatueGlass.uasset" 398
"../../../../../../Users/Embry-Riddle/Desktop/SIM_350_M01.DV01_Diorama-main/ProdBuild/WindowsNoEditor/SIM_350_M2.DV1_Ethan/Content/StarterContent/Architecture/Floor_400x400.uasset" 399
"../../../../../../Users/Embry-Riddle/Desktop/SIM_350_M01.DV01_Diorama-main/ProdBuild/WindowsNoEditor/SIM_350_M2.DV1_Ethan/Content/StarterContent/Props/SM_Chair.uasset" 400
"../../../../../../Users/Embry-Riddle/Desktop/SIM_350_M01.DV01_Diorama-main/ProdBuild/WindowsNoEditor/SIM_350_M2.DV1_Ethan/Content/StarterContent/Props/Materials/M_Statue.uasset" 401
"../../../../../../Users/Embry-Riddle/Desktop/SIM_350_M01.DV01_Diorama-main/ProdBuild/WindowsNoEditor/SIM_350_M2.DV1_Ethan/Content/StarterContent/Props/SM_Statue.uasset" 402
"../../../../../../Users/Embry-Riddle/Desktop/SIM_350_M01.DV01_Diorama-main/ProdBuild/WindowsNoEditor/SIM_350_M2.DV1_Ethan/Content/StarterContent/Textures/T_TableRound_M.uasset" 403
"../../../../../../Users/Embry-Riddle/Desktop/SIM_350_M01.DV01_Diorama-main/ProdBuild/WindowsNoEditor/SIM_350_M2.DV1_Ethan/Content/StarterContent/Textures/T_TableRound_N.uasset" 404
"../../../../../../Users/Embry-Riddle/Desktop/SIM_350_M01.DV01_Diorama-main/ProdBuild/WindowsNoEditor/SIM_350_M2.DV1_Ethan/Content/StarterContent/Props/Materials/M_TableRound.uasset" 405
"../../../../../../Users/Embry-Riddle/Desktop/SIM_350_M01.DV01_Diorama-main/ProdBuild/WindowsNoEditor/SIM_350_M2.DV1_Ethan/Content/StarterContent/Props/SM_TableRound.uasset" 406
"../../../../../../Users/Embry-Riddle/Desktop/SIM_350_M01.DV01_Diorama-main/ProdBuild/WindowsNoEditor/SIM_350_M2.DV1_Ethan/Content/StarterContent/Maps/Minimal_Default.umap" 407
"../../../../../../Users/Embry-Riddle/Desktop/SIM_350_M01.DV01_Diorama-main/ProdBuild/WindowsNoEditor/SIM_350_M2.DV1_Ethan/Content/StarterContent/Audio/Fire01_Cue.uasset" 408
"../../../../../../Users/Embry-Riddle/Desktop/SIM_350_M01.DV01_Diorama-main/ProdBuild/WindowsNoEditor/SIM_350_M2.DV1_Ethan/Content/StarterContent/Textures/T_Fire_SubUV.uasset" 409
"../../../../../../Users/Embry-Riddle/Desktop/SIM_350_M01.DV01_Diorama-main/ProdBuild/WindowsNoEditor/SIM_350_M2.DV1_Ethan/Content/StarterContent/Textures/T_Fire_Tiled_D.uasset" 410
"../../../../../../Users/Embry-Riddle/Desktop/SIM_350_M01.DV01_Diorama-main/ProdBuild/WindowsNoEditor/SIM_350_M2.DV1_Ethan/Content/StarterContent/Particles/Materials/M_Fire_SubUV.uasset" 411
"../../../../../../Users/Embry-Riddle/Desktop/SIM_350_M01.DV01_Diorama-main/ProdBuild/WindowsNoEditor/SIM_350_M2.DV1_Ethan/Content/StarterContent/Textures/T_Water_N.uasset" 412
"../../../../../../Users/Embry-Riddle/Desktop/SIM_350_M01.DV01_Diorama-main/ProdBuild/WindowsNoEditor/SIM_350_M2.DV1_Ethan/Content/StarterContent/Particles/Materials/M_Heat_Distortion.uasset" 413
"../../../../../../Users/Embry-Riddle/Desktop/SIM_350_M01.DV01_Diorama-main/ProdBuild/WindowsNoEditor/SIM_350_M2.DV1_Ethan/Content/StarterContent/Particles/Materials/M_Radial_Gradient.uasset" 414
"../../../../../../Users/Embry-Riddle/Desktop/SIM_350_M01.DV01_Diorama-main/ProdBuild/WindowsNoEditor/SIM_350_M2.DV1_Ethan/Content/StarterContent/Particles/P_Fire.uasset" 415
"../../../../../../Users/Embry-Riddle/Desktop/SIM_350_M01.DV01_Diorama-main/ProdBuild/WindowsNoEditor/SIM_350_M2.DV1_Ethan/Content/StarterContent/Blueprints/Blueprint_Effect_Fire.uasset" 416
"../../../../../../Users/Embry-Riddle/Desktop/SIM_350_M01.DV01_Diorama-main/ProdBuild/WindowsNoEditor/SIM_350_M2.DV1_Ethan/Content/StarterContent/Audio/Smoke01_Cue.uasset" 417
"../../../../../../Users/Embry-Riddle/Desktop/SIM_350_M01.DV01_Diorama-main/ProdBuild/WindowsNoEditor/SIM_350_M2.DV1_Ethan/Content/StarterContent/Particles/P_Smoke.uasset" 418
"../../../../../../Users/Embry-Riddle/Desktop/SIM_350_M01.DV01_Diorama-main/ProdBuild/WindowsNoEditor/SIM_350_M2.DV1_Ethan/Content/StarterContent/Blueprints/Blueprint_Effect_Smoke.uasset" 419
"../../../../../../Users/Embry-Riddle/Desktop/SIM_350_M01.DV01_Diorama-main/ProdBuild/WindowsNoEditor/SIM_350_M2.DV1_Ethan/Content/StarterContent/Audio/Fire_Sparks01_Cue.uasset" 420
"../../../../../../Users/Embry-Riddle/Desktop/SIM_350_M01.DV01_Diorama-main/ProdBuild/WindowsNoEditor/SIM_350_M2.DV1_Ethan/Content/StarterContent/Textures/T_Spark_Core.uasset" 421
"../../../../../../Users/Embry-Riddle/Desktop/SIM_350_M01.DV01_Diorama-main/ProdBuild/WindowsNoEditor/SIM_350_M2.DV1_Ethan/Content/StarterContent/Particles/Materials/M_Spark.uasset" 422
"../../../../../../Users/Embry-Riddle/Desktop/SIM_350_M01.DV01_Diorama-main/ProdBuild/WindowsNoEditor/SIM_350_M2.DV1_Ethan/Content/StarterContent/Particles/P_Sparks.uasset" 423
"../../../../../../Users/Embry-Riddle/Desktop/SIM_350_M01.DV01_Diorama-main/ProdBuild/WindowsNoEditor/SIM_350_M2.DV1_Ethan/Content/StarterContent/Blueprints/Blueprint_Effect_Sparks.uasset" 424
"../../../../../../Users/Embry-Riddle/Desktop/SIM_350_M01.DV01_Diorama-main/ProdBuild/WindowsNoEditor/SIM_350_M2.DV1_Ethan/Content/StarterContent/Audio/Steam01_Cue.uasset" 425
"../../../../../../Users/Embry-Riddle/Desktop/SIM_350_M01.DV01_Diorama-main/ProdBuild/WindowsNoEditor/SIM_350_M2.DV1_Ethan/Content/StarterContent/Particles/P_Steam_Lit.uasset" 426
"../../../../../../Users/Embry-Riddle/Desktop/SIM_350_M01.DV01_Diorama-main/ProdBuild/WindowsNoEditor/SIM_350_M2.DV1_Ethan/Content/StarterContent/Blueprints/Blueprint_Effect_Steam.uasset" 427
"../../../../../../Users/Embry-Riddle/Desktop/SIM_350_M01.DV01_Diorama-main/ProdBuild/WindowsNoEditor/SIM_350_M2.DV1_Ethan/Content/StarterContent/Textures/T_Lamp_M.uasset" 428
"../../../../../../Users/Embry-Riddle/Desktop/SIM_350_M01.DV01_Diorama-main/ProdBuild/WindowsNoEditor/SIM_350_M2.DV1_Ethan/Content/StarterContent/Textures/T_Lamp_N.uasset" 429
"../../../../../../Users/Embry-Riddle/Desktop/SIM_350_M01.DV01_Diorama-main/ProdBuild/WindowsNoEditor/SIM_350_M2.DV1_Ethan/Content/StarterContent/Props/Materials/M_Lamp.uasset" 430
"../../../../../../Users/Embry-Riddle/Desktop/SIM_350_M01.DV01_Diorama-main/ProdBuild/WindowsNoEditor/SIM_350_M2.DV1_Ethan/Content/StarterContent/Props/SM_Lamp_Ceiling.uasset" 431
"../../../../../../Users/Embry-Riddle/Desktop/SIM_350_M01.DV01_Diorama-main/ProdBuild/WindowsNoEditor/SIM_350_M2.DV1_Ethan/Content/StarterContent/Blueprints/Blueprint_CeilingLight.uasset" 432
"../../../../../../Users/Embry-Riddle/Desktop/SIM_350_M01.DV01_Diorama-main/ProdBuild/WindowsNoEditor/SIM_350_M2.DV1_Ethan/Content/StarterContent/Props/SM_Lamp_Wall.uasset" 433
"../../../../../../Users/Embry-Riddle/Desktop/SIM_350_M01.DV01_Diorama-main/ProdBuild/WindowsNoEditor/SIM_350_M2.DV1_Ethan/Content/StarterContent/Blueprints/Blueprint_WallSconce.uasset" 434
"../../../../../../Users/Embry-Riddle/Desktop/SIM_350_M01.DV01_Diorama-main/ProdBuild/WindowsNoEditor/SIM_350_M2.DV1_Ethan/Content/StarterContent/Maps/StarterMap_BuiltData.uasset" 435
"../../../Engine/Content/Functions/Engine_MaterialFunctions03/Procedurals/ComputeFilterWidth.uasset" 436
"../../../Engine/Content/EngineMaterials/AntiAliasedTextMaterialTranslucent.uasset" 437
"../../../../../../Users/Embry-Riddle/Desktop/SIM_350_M01.DV01_Diorama-main/ProdBuild/WindowsNoEditor/SIM_350_M2.DV1_Ethan/Content/StarterContent/Textures/T_Brick_Clay_Beveled_D.uasset" 438
"../../../../../../Users/Embry-Riddle/Desktop/SIM_350_M01.DV01_Diorama-main/ProdBuild/WindowsNoEditor/SIM_350_M2.DV1_Ethan/Content/StarterContent/Textures/T_Brick_Clay_Beveled_M.uasset" 439
"../../../../../../Users/Embry-Riddle/Desktop/SIM_350_M01.DV01_Diorama-main/ProdBuild/WindowsNoEditor/SIM_350_M2.DV1_Ethan/Content/StarterContent/Textures/T_Brick_Clay_Beveled_N.uasset" 440
"../../../../../../Users/Embry-Riddle/Desktop/SIM_350_M01.DV01_Diorama-main/ProdBuild/WindowsNoEditor/SIM_350_M2.DV1_Ethan/Content/StarterContent/Materials/M_Brick_Clay_Beveled.uasset" 441
"../../../../../../Users/Embry-Riddle/Desktop/SIM_350_M01.DV01_Diorama-main/ProdBuild/WindowsNoEditor/SIM_350_M2.DV1_Ethan/Content/StarterContent/Textures/T_Brick_Clay_New_D.uasset" 442
"../../../../../../Users/Embry-Riddle/Desktop/SIM_350_M01.DV01_Diorama-main/ProdBuild/WindowsNoEditor/SIM_350_M2.DV1_Ethan/Content/StarterContent/Textures/T_Brick_Clay_New_M.uasset" 443
"../../../../../../Users/Embry-Riddle/Desktop/SIM_350_M01.DV01_Diorama-main/ProdBuild/WindowsNoEditor/SIM_350_M2.DV1_Ethan/Content/StarterContent/Textures/T_Brick_Clay_New_N.uasset" 444
"../../../../../../Users/Embry-Riddle/Desktop/SIM_350_M01.DV01_Diorama-main/ProdBuild/WindowsNoEditor/SIM_350_M2.DV1_Ethan/Content/StarterContent/Materials/M_Brick_Clay_New.uasset" 445
"../../../../../../Users/Embry-Riddle/Desktop/SIM_350_M01.DV01_Diorama-main/ProdBuild/WindowsNoEditor/SIM_350_M2.DV1_Ethan/Content/StarterContent/Textures/T_Brick_Clay_Old_D.uasset" 446
"../../../../../../Users/Embry-Riddle/Desktop/SIM_350_M01.DV01_Diorama-main/ProdBuild/WindowsNoEditor/SIM_350_M2.DV1_Ethan/Content/StarterContent/Textures/T_Brick_Clay_Old_N.uasset" 447
"../../../../../../Users/Embry-Riddle/Desktop/SIM_350_M01.DV01_Diorama-main/ProdBuild/WindowsNoEditor/SIM_350_M2.DV1_Ethan/Content/StarterContent/Textures/T_Perlin_Noise_M.uasset" 448
"../../../../../../Users/Embry-Riddle/Desktop/SIM_350_M01.DV01_Diorama-main/ProdBuild/WindowsNoEditor/SIM_350_M2.DV1_Ethan/Content/StarterContent/Materials/M_Brick_Clay_Old.uasset" 449
"../../../../../../Users/Embry-Riddle/Desktop/SIM_350_M01.DV01_Diorama-main/ProdBuild/WindowsNoEditor/SIM_350_M2.DV1_Ethan/Content/StarterContent/Textures/T_Brick_Cut_Stone_D.uasset" 450
"../../../../../../Users/Embry-Riddle/Desktop/SIM_350_M01.DV01_Diorama-main/ProdBuild/WindowsNoEditor/SIM_350_M2.DV1_Ethan/Content/StarterContent/Textures/T_Brick_Cut_Stone_N.uasset" 451
"../../../../../../Users/Embry-Riddle/Desktop/SIM_350_M01.DV01_Diorama-main/ProdBuild/WindowsNoEditor/SIM_350_M2.DV1_Ethan/Content/StarterContent/Materials/M_Brick_Cut_Stone.uasset" 452
"../../../../../../Users/Embry-Riddle/Desktop/SIM_350_M01.DV01_Diorama-main/ProdBuild/WindowsNoEditor/SIM_350_M2.DV1_Ethan/Content/StarterContent/Textures/T_Brick_Hewn_Stone_D.uasset" 453
"../../../../../../Users/Embry-Riddle/Desktop/SIM_350_M01.DV01_Diorama-main/ProdBuild/WindowsNoEditor/SIM_350_M2.DV1_Ethan/Content/StarterContent/Textures/T_Brick_Hewn_Stone_M.uasset" 454
"../../../../../../Users/Embry-Riddle/Desktop/SIM_350_M01.DV01_Diorama-main/ProdBuild/WindowsNoEditor/SIM_350_M2.DV1_Ethan/Content/StarterContent/Textures/T_Brick_Hewn_Stone_N.uasset" 455
"../../../../../../Users/Embry-Riddle/Desktop/SIM_350_M01.DV01_Diorama-main/ProdBuild/WindowsNoEditor/SIM_350_M2.DV1_Ethan/Content/StarterContent/Materials/M_Brick_Hewn_Stone.uasset" 456
"../../../../../../Users/Embry-Riddle/Desktop/SIM_350_M01.DV01_Diorama-main/ProdBuild/WindowsNoEditor/SIM_350_M2.DV1_Ethan/Content/StarterContent/Textures/T_Ceramic_Tile_M.uasset" 457
"../../../../../../Users/Embry-Riddle/Desktop/SIM_350_M01.DV01_Diorama-main/ProdBuild/WindowsNoEditor/SIM_350_M2.DV1_Ethan/Content/StarterContent/Textures/T_Ceramic_Tile_N.uasset" 458
"../../../../../../Users/Embry-Riddle/Desktop/SIM_350_M01.DV01_Diorama-main/ProdBuild/WindowsNoEditor/SIM_350_M2.DV1_Ethan/Content/StarterContent/Textures/T_Rock_Marble_Polished_D.uasset" 459
"../../../../../../Users/Embry-Riddle/Desktop/SIM_350_M01.DV01_Diorama-main/ProdBuild/WindowsNoEditor/SIM_350_M2.DV1_Ethan/Content/StarterContent/Materials/M_Ceramic_Tile_Checker.uasset" 460
"../../../../../../Users/Embry-Riddle/Desktop/SIM_350_M01.DV01_Diorama-main/ProdBuild/WindowsNoEditor/SIM_350_M2.DV1_Ethan/Content/StarterContent/Textures/T_CobbleStone_Pebble_D.uasset" 461
"../../../../../../Users/Embry-Riddle/Desktop/SIM_350_M01.DV01_Diorama-main/ProdBuild/WindowsNoEditor/SIM_350_M2.DV1_Ethan/Content/StarterContent/Textures/T_CobbleStone_Pebble_M.uasset" 462
"../../../../../../Users/Embry-Riddle/Desktop/SIM_350_M01.DV01_Diorama-main/ProdBuild/WindowsNoEditor/SIM_350_M2.DV1_Ethan/Content/StarterContent/Textures/T_CobbleStone_Pebble_N.uasset" 463
"../../../../../../Users/Embry-Riddle/Desktop/SIM_350_M01.DV01_Diorama-main/ProdBuild/WindowsNoEditor/SIM_350_M2.DV1_Ethan/Content/StarterContent/Materials/M_CobbleStone_Pebble.uasset" 464
"../../../../../../Users/Embry-Riddle/Desktop/SIM_350_M01.DV01_Diorama-main/ProdBuild/WindowsNoEditor/SIM_350_M2.DV1_Ethan/Content/StarterContent/Textures/T_CobbleStone_Rough_D.uasset" 465
"../../../../../../Users/Embry-Riddle/Desktop/SIM_350_M01.DV01_Diorama-main/ProdBuild/WindowsNoEditor/SIM_350_M2.DV1_Ethan/Content/StarterContent/Textures/T_CobbleStone_Rough_N.uasset" 466
"../../../../../../Users/Embry-Riddle/Desktop/SIM_350_M01.DV01_Diorama-main/ProdBuild/WindowsNoEditor/SIM_350_M2.DV1_Ethan/Content/StarterContent/Textures/T_Gradinet_01.uasset" 467
"../../../../../../Users/Embry-Riddle/Desktop/SIM_350_M01.DV01_Diorama-main/ProdBuild/WindowsNoEditor/SIM_350_M2.DV1_Ethan/Content/StarterContent/Textures/T_Rock_Smooth_Granite_D.uasset" 468
"../../../../../../Users/Embry-Riddle/Desktop/SIM_350_M01.DV01_Diorama-main/ProdBuild/WindowsNoEditor/SIM_350_M2.DV1_Ethan/Content/StarterContent/Materials/M_CobbleStone_Rough.uasset" 469
"../../../../../../Users/Embry-Riddle/Desktop/SIM_350_M01.DV01_Diorama-main/ProdBuild/WindowsNoEditor/SIM_350_M2.DV1_Ethan/Content/StarterContent/Textures/T_CobbleStone_Smooth_D.uasset" 470
"../../../../../../Users/Embry-Riddle/Desktop/SIM_350_M01.DV01_Diorama-main/ProdBuild/WindowsNoEditor/SIM_350_M2.DV1_Ethan/Content/StarterContent/Textures/T_CobbleStone_Smooth_M.uasset" 471
"../../../../../../Users/Embry-Riddle/Desktop/SIM_350_M01.DV01_Diorama-main/ProdBuild/WindowsNoEditor/SIM_350_M2.DV1_Ethan/Content/StarterContent/Textures/T_CobbleStone_Smooth_N.uasset" 472
"../../../../../../Users/Embry-Riddle/Desktop/SIM_350_M01.DV01_Diorama-main/ProdBuild/WindowsNoEditor/SIM_350_M2.DV1_Ethan/Content/StarterContent/Materials/M_CobbleStone_Smooth.uasset" 473
"../../../../../../Users/Embry-Riddle/Desktop/SIM_350_M01.DV01_Diorama-main/ProdBuild/WindowsNoEditor/SIM_350_M2.DV1_Ethan/Content/StarterContent/Textures/T_Concrete_Grime_D.uasset" 474
"../../../../../../Users/Embry-Riddle/Desktop/SIM_350_M01.DV01_Diorama-main/ProdBuild/WindowsNoEditor/SIM_350_M2.DV1_Ethan/Content/StarterContent/Textures/T_Metal_Rust_N.uasset" 475
"../../../../../../Users/Embry-Riddle/Desktop/SIM_350_M01.DV01_Diorama-main/ProdBuild/WindowsNoEditor/SIM_350_M2.DV1_Ethan/Content/StarterContent/Materials/M_Concrete_Grime.uasset" 476
"../../../../../../Users/Embry-Riddle/Desktop/SIM_350_M01.DV01_Diorama-main/ProdBuild/WindowsNoEditor/SIM_350_M2.DV1_Ethan/Content/StarterContent/Textures/T_Concrete_Panels_D.uasset" 477
"../../../../../../Users/Embry-Riddle/Desktop/SIM_350_M01.DV01_Diorama-main/ProdBuild/WindowsNoEditor/SIM_350_M2.DV1_Ethan/Content/StarterContent/Textures/T_Concrete_Panels_N.uasset" 478
"../../../../../../Users/Embry-Riddle/Desktop/SIM_350_M01.DV01_Diorama-main/ProdBuild/WindowsNoEditor/SIM_350_M2.DV1_Ethan/Content/StarterContent/Materials/M_Concrete_Panels.uasset" 479
"../../../../../../Users/Embry-Riddle/Desktop/SIM_350_M01.DV01_Diorama-main/ProdBuild/WindowsNoEditor/SIM_350_M2.DV1_Ethan/Content/StarterContent/Textures/T_Concrete_Poured_D.uasset" 480
"../../../../../../Users/Embry-Riddle/Desktop/SIM_350_M01.DV01_Diorama-main/ProdBuild/WindowsNoEditor/SIM_350_M2.DV1_Ethan/Content/StarterContent/Textures/T_Concrete_Poured_N.uasset" 481
"../../../../../../Users/Embry-Riddle/Desktop/SIM_350_M01.DV01_Diorama-main/ProdBuild/WindowsNoEditor/SIM_350_M2.DV1_Ethan/Content/StarterContent/Materials/M_Concrete_Poured.uasset" 482
"../../../../../../Users/Embry-Riddle/Desktop/SIM_350_M01.DV01_Diorama-main/ProdBuild/WindowsNoEditor/SIM_350_M2.DV1_Ethan/Content/StarterContent/Textures/T_Concrete_Tiles_D.uasset" 483
"../../../../../../Users/Embry-Riddle/Desktop/SIM_350_M01.DV01_Diorama-main/ProdBuild/WindowsNoEditor/SIM_350_M2.DV1_Ethan/Content/StarterContent/Textures/T_Concrete_Tiles_M.uasset" 484
"../../../../../../Users/Embry-Riddle/Desktop/SIM_350_M01.DV01_Diorama-main/ProdBuild/WindowsNoEditor/SIM_350_M2.DV1_Ethan/Content/StarterContent/Textures/T_Concrete_Tiles_N.uasset" 485
"../../../../../../Users/Embry-Riddle/Desktop/SIM_350_M01.DV01_Diorama-main/ProdBuild/WindowsNoEditor/SIM_350_M2.DV1_Ethan/Content/StarterContent/Textures/T_Concrete_Tiles_Variation_M.uasset" 486
"../../../../../../Users/Embry-Riddle/Desktop/SIM_350_M01.DV01_Diorama-main/ProdBuild/WindowsNoEditor/SIM_350_M2.DV1_Ethan/Content/StarterContent/Materials/M_Concrete_Tiles.uasset" 487
"../../../../../../Users/Embry-Riddle/Desktop/SIM_350_M01.DV01_Diorama-main/ProdBuild/WindowsNoEditor/SIM_350_M2.DV1_Ethan/Content/StarterContent/Textures/T_Ground_Grass_D.uasset" 488
"../../../../../../Users/Embry-Riddle/Desktop/SIM_350_M01.DV01_Diorama-main/ProdBuild/WindowsNoEditor/SIM_350_M2.DV1_Ethan/Content/StarterContent/Textures/T_Ground_Grass_N.uasset" 489
"../../../../../../Users/Embry-Riddle/Desktop/SIM_350_M01.DV01_Diorama-main/ProdBuild/WindowsNoEditor/SIM_350_M2.DV1_Ethan/Content/StarterContent/Materials/M_Ground_Grass.uasset" 490
"../../../../../../Users/Embry-Riddle/Desktop/SIM_350_M01.DV01_Diorama-main/ProdBuild/WindowsNoEditor/SIM_350_M2.DV1_Ethan/Content/StarterContent/Textures/T_Ground_Gravel_D.uasset" 491
"../../../../../../Users/Embry-Riddle/Desktop/SIM_350_M01.DV01_Diorama-main/ProdBuild/WindowsNoEditor/SIM_350_M2.DV1_Ethan/Content/StarterContent/Textures/T_Ground_Gravel_N.uasset" 492
"../../../../../../Users/Embry-Riddle/Desktop/SIM_350_M01.DV01_Diorama-main/ProdBuild/WindowsNoEditor/SIM_350_M2.DV1_Ethan/Content/StarterContent/Materials/M_Ground_Gravel.uasset" 493
"../../../../../../Users/Embry-Riddle/Desktop/SIM_350_M01.DV01_Diorama-main/ProdBuild/WindowsNoEditor/SIM_350_M2.DV1_Ethan/Content/StarterContent/Textures/T_ground_Moss_D.uasset" 494
"../../../../../../Users/Embry-Riddle/Desktop/SIM_350_M01.DV01_Diorama-main/ProdBuild/WindowsNoEditor/SIM_350_M2.DV1_Ethan/Content/StarterContent/Textures/T_Ground_Moss_N.uasset" 495
"../../../../../../Users/Embry-Riddle/Desktop/SIM_350_M01.DV01_Diorama-main/ProdBuild/WindowsNoEditor/SIM_350_M2.DV1_Ethan/Content/StarterContent/Materials/M_Ground_Moss.uasset" 496
"../../../../../../Users/Embry-Riddle/Desktop/SIM_350_M01.DV01_Diorama-main/ProdBuild/WindowsNoEditor/SIM_350_M2.DV1_Ethan/Content/StarterContent/Materials/M_Metal_Chrome.uasset" 497
"../../../../../../Users/Embry-Riddle/Desktop/SIM_350_M01.DV01_Diorama-main/ProdBuild/WindowsNoEditor/SIM_350_M2.DV1_Ethan/Content/StarterContent/Textures/T_Metal_Gold_D.uasset" 498
"../../../../../../Users/Embry-Riddle/Desktop/SIM_350_M01.DV01_Diorama-main/ProdBuild/WindowsNoEditor/SIM_350_M2.DV1_Ethan/Content/StarterContent/Materials/M_Metal_Gold.uasset" 499
"../../../../../../Users/Embry-Riddle/Desktop/SIM_350_M01.DV01_Diorama-main/ProdBuild/WindowsNoEditor/SIM_350_M2.DV1_Ethan/Content/StarterContent/Textures/T_Metal_Rust_D.uasset" 500
"../../../../../../Users/Embry-Riddle/Desktop/SIM_350_M01.DV01_Diorama-main/ProdBuild/WindowsNoEditor/SIM_350_M2.DV1_Ethan/Content/StarterContent/Materials/M_Metal_Rust.uasset" 501
"../../../../../../Users/Embry-Riddle/Desktop/SIM_350_M01.DV01_Diorama-main/ProdBuild/WindowsNoEditor/SIM_350_M2.DV1_Ethan/Content/StarterContent/Textures/T_Metal_Steel_D.uasset" 502
"../../../../../../Users/Embry-Riddle/Desktop/SIM_350_M01.DV01_Diorama-main/ProdBuild/WindowsNoEditor/SIM_350_M2.DV1_Ethan/Content/StarterContent/Textures/T_Metal_Steel_N.uasset" 503
"../../../../../../Users/Embry-Riddle/Desktop/SIM_350_M01.DV01_Diorama-main/ProdBuild/WindowsNoEditor/SIM_350_M2.DV1_Ethan/Content/StarterContent/Materials/M_Metal_Steel.uasset" 504
"../../../../../../Users/Embry-Riddle/Desktop/SIM_350_M01.DV01_Diorama-main/ProdBuild/WindowsNoEditor/SIM_350_M2.DV1_Ethan/Content/StarterContent/Textures/T_Rock_Basalt_N.uasset" 505
"../../../../../../Users/Embry-Riddle/Desktop/SIM_350_M01.DV01_Diorama-main/ProdBuild/WindowsNoEditor/SIM_350_M2.DV1_Ethan/Content/StarterContent/Materials/M_Rock_Basalt.uasset" 506
"../../../../../../Users/Embry-Riddle/Desktop/SIM_350_M01.DV01_Diorama-main/ProdBuild/WindowsNoEditor/SIM_350_M2.DV1_Ethan/Content/StarterContent/Materials/M_Rock_Marble_Polished.uasset" 507
"../../../../../../Users/Embry-Riddle/Desktop/SIM_350_M01.DV01_Diorama-main/ProdBuild/WindowsNoEditor/SIM_350_M2.DV1_Ethan/Content/StarterContent/Textures/T_Rock_Sandstone_D.uasset" 508
"../../../../../../Users/Embry-Riddle/Desktop/SIM_350_M01.DV01_Diorama-main/ProdBuild/WindowsNoEditor/SIM_350_M2.DV1_Ethan/Content/StarterContent/Textures/T_Rock_Sandstone_N.uasset" 509
"../../../../../../Users/Embry-Riddle/Desktop/SIM_350_M01.DV01_Diorama-main/ProdBuild/WindowsNoEditor/SIM_350_M2.DV1_Ethan/Content/StarterContent/Materials/M_Rock_Sandstone.uasset" 510
"../../../../../../Users/Embry-Riddle/Desktop/SIM_350_M01.DV01_Diorama-main/ProdBuild/WindowsNoEditor/SIM_350_M2.DV1_Ethan/Content/StarterContent/Textures/T_Rock_Slate_D.uasset" 511
"../../../../../../Users/Embry-Riddle/Desktop/SIM_350_M01.DV01_Diorama-main/ProdBuild/WindowsNoEditor/SIM_350_M2.DV1_Ethan/Content/StarterContent/Textures/T_Rock_Slate_N.uasset" 512
"../../../../../../Users/Embry-Riddle/Desktop/SIM_350_M01.DV01_Diorama-main/ProdBuild/WindowsNoEditor/SIM_350_M2.DV1_Ethan/Content/StarterContent/Materials/M_Rock_Slate.uasset" 513
"../../../../../../Users/Embry-Riddle/Desktop/SIM_350_M01.DV01_Diorama-main/ProdBuild/WindowsNoEditor/SIM_350_M2.DV1_Ethan/Content/StarterContent/Textures/T_Checker_Noise_M.uasset" 514
"../../../../../../Users/Embry-Riddle/Desktop/SIM_350_M01.DV01_Diorama-main/ProdBuild/WindowsNoEditor/SIM_350_M2.DV1_Ethan/Content/StarterContent/Textures/T_Single_Tile_N.uasset" 515
"../../../../../../Users/Embry-Riddle/Desktop/SIM_350_M01.DV01_Diorama-main/ProdBuild/WindowsNoEditor/SIM_350_M2.DV1_Ethan/Content/StarterContent/Textures/T_Tech_Dot_M.uasset" 516
"../../../../../../Users/Embry-Riddle/Desktop/SIM_350_M01.DV01_Diorama-main/ProdBuild/WindowsNoEditor/SIM_350_M2.DV1_Ethan/Content/StarterContent/Textures/T_Tech_Dot_N.uasset" 517
"../../../../../../Users/Embry-Riddle/Desktop/SIM_350_M01.DV01_Diorama-main/ProdBuild/WindowsNoEditor/SIM_350_M2.DV1_Ethan/Content/StarterContent/Materials/M_Tech_Checker_Dot.uasset" 518
"../../../../../../Users/Embry-Riddle/Desktop/SIM_350_M01.DV01_Diorama-main/ProdBuild/WindowsNoEditor/SIM_350_M2.DV1_Ethan/Content/StarterContent/Materials/M_Tech_Hex_Tile_Pulse.uasset" 519
"../../../../../../Users/Embry-Riddle/Desktop/SIM_350_M01.DV01_Diorama-main/ProdBuild/WindowsNoEditor/SIM_350_M2.DV1_Ethan/Content/StarterContent/Textures/T_Tech_Panel_M.uasset" 520
"../../../../../../Users/Embry-Riddle/Desktop/SIM_350_M01.DV01_Diorama-main/ProdBuild/WindowsNoEditor/SIM_350_M2.DV1_Ethan/Content/StarterContent/Textures/T_Tech_Panel_N.uasset" 521
"../../../../../../Users/Embry-Riddle/Desktop/SIM_350_M01.DV01_Diorama-main/ProdBuild/WindowsNoEditor/SIM_350_M2.DV1_Ethan/Content/StarterContent/Materials/M_Tech_Panel.uasset" 522
"../../../../../../Users/Embry-Riddle/Desktop/SIM_350_M01.DV01_Diorama-main/ProdBuild/WindowsNoEditor/SIM_350_M2.DV1_Ethan/Content/StarterContent/Materials/M_Water_Lake.uasset" 523
"../../../../../../Users/Embry-Riddle/Desktop/SIM_350_M01.DV01_Diorama-main/ProdBuild/WindowsNoEditor/SIM_350_M2.DV1_Ethan/Content/StarterContent/Textures/T_Water_M.uasset" 524
"../../../../../../Users/Embry-Riddle/Desktop/SIM_350_M01.DV01_Diorama-main/ProdBuild/WindowsNoEditor/SIM_350_M2.DV1_Ethan/Content/StarterContent/Materials/M_Water_Ocean.uasset" 525
"../../../../../../Users/Embry-Riddle/Desktop/SIM_350_M01.DV01_Diorama-main/ProdBuild/WindowsNoEditor/SIM_350_M2.DV1_Ethan/Content/StarterContent/Textures/T_Wood_Floor_Walnut_D.uasset" 526
"../../../../../../Users/Embry-Riddle/Desktop/SIM_350_M01.DV01_Diorama-main/ProdBuild/WindowsNoEditor/SIM_350_M2.DV1_Ethan/Content/StarterContent/Textures/T_Wood_Floor_Walnut_M.uasset" 527
"../../../../../../Users/Embry-Riddle/Desktop/SIM_350_M01.DV01_Diorama-main/ProdBuild/WindowsNoEditor/SIM_350_M2.DV1_Ethan/Content/StarterContent/Textures/T_Wood_Floor_Walnut_N.uasset" 528
"../../../../../../Users/Embry-Riddle/Desktop/SIM_350_M01.DV01_Diorama-main/ProdBuild/WindowsNoEditor/SIM_350_M2.DV1_Ethan/Content/StarterContent/Materials/M_Wood_Floor_Walnut_Polished.uasset" 529
"../../../Engine/Content/Functions/Engine_MaterialFunctions01/Opacity/AlphaOffset.uasset" 530
"../../../../../../Users/Embry-Riddle/Desktop/SIM_350_M01.DV01_Diorama-main/ProdBuild/WindowsNoEditor/SIM_350_M2.DV1_Ethan/Content/StarterContent/Materials/M_Wood_Floor_Walnut_Worn.uasset" 531
"../../../../../../Users/Embry-Riddle/Desktop/SIM_350_M01.DV01_Diorama-main/ProdBuild/WindowsNoEditor/SIM_350_M2.DV1_Ethan/Content/StarterContent/Textures/T_Wood_Oak_D.uasset" 532
"../../../../../../Users/Embry-Riddle/Desktop/SIM_350_M01.DV01_Diorama-main/ProdBuild/WindowsNoEditor/SIM_350_M2.DV1_Ethan/Content/StarterContent/Textures/T_Wood_Oak_N.uasset" 533
"../../../../../../Users/Embry-Riddle/Desktop/SIM_350_M01.DV01_Diorama-main/ProdBuild/WindowsNoEditor/SIM_350_M2.DV1_Ethan/Content/StarterContent/Materials/M_Wood_Oak.uasset" 534
"../../../../../../Users/Embry-Riddle/Desktop/SIM_350_M01.DV01_Diorama-main/ProdBuild/WindowsNoEditor/SIM_350_M2.DV1_Ethan/Content/StarterContent/Textures/T_Wood_Pine_D.uasset" 535
"../../../../../../Users/Embry-Riddle/Desktop/SIM_350_M01.DV01_Diorama-main/ProdBuild/WindowsNoEditor/SIM_350_M2.DV1_Ethan/Content/StarterContent/Textures/T_Wood_Pine_N.uasset" 536
"../../../../../../Users/Embry-Riddle/Desktop/SIM_350_M01.DV01_Diorama-main/ProdBuild/WindowsNoEditor/SIM_350_M2.DV1_Ethan/Content/StarterContent/Materials/M_Wood_Pine.uasset" 537
"../../../../../../Users/Embry-Riddle/Desktop/SIM_350_M01.DV01_Diorama-main/ProdBuild/WindowsNoEditor/SIM_350_M2.DV1_Ethan/Content/StarterContent/Textures/T_Wood_Walnut_D.uasset" 538
"../../../../../../Users/Embry-Riddle/Desktop/SIM_350_M01.DV01_Diorama-main/ProdBuild/WindowsNoEditor/SIM_350_M2.DV1_Ethan/Content/StarterContent/Textures/T_Wood_Walnut_N.uasset" 539
"../../../../../../Users/Embry-Riddle/Desktop/SIM_350_M01.DV01_Diorama-main/ProdBuild/WindowsNoEditor/SIM_350_M2.DV1_Ethan/Content/StarterContent/Materials/M_Wood_Walnut.uasset" 540
"../../../../../../Users/Embry-Riddle/Desktop/SIM_350_M01.DV01_Diorama-main/ProdBuild/WindowsNoEditor/SIM_350_M2.DV1_Ethan/Content/StarterContent/Architecture/Wall_400x200.uasset" 541
"../../../../../../Users/Embry-Riddle/Desktop/SIM_350_M01.DV01_Diorama-main/ProdBuild/WindowsNoEditor/SIM_350_M2.DV1_Ethan/Content/StarterContent/Architecture/Wall_Door_400x300.uasset" 542
"../../../../../../Users/Embry-Riddle/Desktop/SIM_350_M01.DV01_Diorama-main/ProdBuild/WindowsNoEditor/SIM_350_M2.DV1_Ethan/Content/StarterContent/Architecture/Wall_Window_400x300.uasset" 543
"../../../../../../Users/Embry-Riddle/Desktop/SIM_350_M01.DV01_Diorama-main/ProdBuild/WindowsNoEditor/SIM_350_M2.DV1_Ethan/Content/StarterContent/Audio/Collapse_Cue.uasset" 544
"../../../../../../Users/Embry-Riddle/Desktop/SIM_350_M01.DV01_Diorama-main/ProdBuild/WindowsNoEditor/SIM_350_M2.DV1_Ethan/Content/StarterContent/Audio/Starter_Music_Cue.uasset" 545
"../../../../../../Users/Embry-Riddle/Desktop/SIM_350_M01.DV01_Diorama-main/ProdBuild/WindowsNoEditor/SIM_350_M2.DV1_Ethan/Content/StarterContent/Textures/T_Dust_Particle_D.uasset" 546
"../../../../../../Users/Embry-Riddle/Desktop/SIM_350_M01.DV01_Diorama-main/ProdBuild/WindowsNoEditor/SIM_350_M2.DV1_Ethan/Content/StarterContent/Particles/Materials/M_Dust_Particle.uasset" 547
"../../../../../../Users/Embry-Riddle/Desktop/SIM_350_M01.DV01_Diorama-main/ProdBuild/WindowsNoEditor/SIM_350_M2.DV1_Ethan/Content/StarterContent/Particles/P_Ambient_Dust.uasset" 548
"../../../../../../Users/Embry-Riddle/Desktop/SIM_350_M01.DV01_Diorama-main/ProdBuild/WindowsNoEditor/SIM_350_M2.DV1_Ethan/Content/StarterContent/Textures/T_Frame_M.uasset" 549
"../../../../../../Users/Embry-Riddle/Desktop/SIM_350_M01.DV01_Diorama-main/ProdBuild/WindowsNoEditor/SIM_350_M2.DV1_Ethan/Content/StarterContent/Textures/T_Frame_N.uasset" 550
"../../../../../../Users/Embry-Riddle/Desktop/SIM_350_M01.DV01_Diorama-main/ProdBuild/WindowsNoEditor/SIM_350_M2.DV1_Ethan/Content/StarterContent/Props/Materials/M_Frame.uasset" 551
"../../../../../../Users/Embry-Riddle/Desktop/SIM_350_M01.DV01_Diorama-main/ProdBuild/WindowsNoEditor/SIM_350_M2.DV1_Ethan/Content/StarterContent/Props/SM_CornerFrame.uasset" 552
"../../../../../../Users/Embry-Riddle/Desktop/SIM_350_M01.DV01_Diorama-main/ProdBuild/WindowsNoEditor/SIM_350_M2.DV1_Ethan/Content/StarterContent/Props/SM_DoorFrame.uasset" 553
"../../../../../../Users/Embry-Riddle/Desktop/SIM_350_M01.DV01_Diorama-main/ProdBuild/WindowsNoEditor/SIM_350_M2.DV1_Ethan/Content/StarterContent/Props/SM_GlassWindow.uasset" 554
"../../../../../../Users/Embry-Riddle/Desktop/SIM_350_M01.DV01_Diorama-main/ProdBuild/WindowsNoEditor/SIM_350_M2.DV1_Ethan/Content/StarterContent/Props/SM_PillarFrame.uasset" 555
"../../../../../../Users/Embry-Riddle/Desktop/SIM_350_M01.DV01_Diorama-main/ProdBuild/WindowsNoEditor/SIM_350_M2.DV1_Ethan/Content/StarterContent/Props/SM_PillarFrame300.uasset" 556
"../../../../../../Users/Embry-Riddle/Desktop/SIM_350_M01.DV01_Diorama-main/ProdBuild/WindowsNoEditor/SIM_350_M2.DV1_Ethan/Content/StarterContent/Props/SM_WindowFrame.uasset" 557
"../../../../../../Users/Embry-Riddle/Desktop/SIM_350_M01.DV01_Diorama-main/ProdBuild/WindowsNoEditor/SIM_350_M2.DV1_Ethan/Content/StarterContent/Shapes/Shape_Cube.uasset" 558
"../../../../../../Users/Embry-Riddle/Desktop/SIM_350_M01.DV01_Diorama-main/ProdBuild/WindowsNoEditor/SIM_350_M2.DV1_Ethan/Content/StarterContent/Shapes/Shape_QuadPyramid.uasset" 559
"../../../../../../Users/Embry-Riddle/Desktop/SIM_350_M01.DV01_Diorama-main/ProdBuild/WindowsNoEditor/SIM_350_M2.DV1_Ethan/Content/StarterContent/Shapes/Shape_Sphere.uasset" 560
"../../../../../../Users/Embry-Riddle/Desktop/SIM_350_M01.DV01_Diorama-main/ProdBuild/WindowsNoEditor/SIM_350_M2.DV1_Ethan/Content/StarterContent/Maps/StarterMap.umap" 561
"../../../Engine/Content/Maps/Entry_BuiltData.uasset" 562
"../../../Engine/Content/Maps/Entry.umap" 563
